<?xml version="1.0" encoding="UTF-8"?>
<!-- Generated by org.testng.reporters.JUnitXMLReporter -->
<testsuite ignored="0" hostname="LIMBO" failures="0" tests="3" name="TestAddCandidate" time="51.511" errors="0" timestamp="2023-10-23T22:57:27 IST">
  <testcase classname="com.recruitcrm.testing.LoginTesting" name="testLogin" time="2.226"/>
  <testcase classname="com.recruitcrm.testing.AddCandidateTesting" name="addCandidateTest_1" time="7.625"/>
  <testcase classname="com.recruitcrm.testing.AddCandidateTesting" name="addCandidateTest_2" time="38.843"/>
</testsuite> <!-- TestAddCandidate -->
