<?xml version="1.0" encoding="UTF-8"?>
<!-- Generated by org.testng.reporters.JUnitXMLReporter -->
<testsuite ignored="5" hostname="LIMBO" failures="0" tests="3" name="Test_1" time="56.915" errors="0" timestamp="2023-10-27T19:37:27 IST">
  <testcase classname="com.recruitcrm.testing.AddCandidateTesting" name="addCandidateTest_1" time="16.386"/>
  <testcase classname="com.recruitcrm.testing.AddCandidateTesting" name="addCandidateTest_2" time="26.613"/>
  <testcase classname="com.recruitcrm.testing.AddCompanyTesting" name="addCompanyTest" time="11.049"/>
  <testcase classname="com.recruitcrm.testing.LoginTesting" name="@BeforeTest testLogin" time="0.0">
    <ignored/>
  </testcase> <!-- @BeforeTest testLogin -->
  <testcase classname="com.recruitcrm.testing.LoginTesting" name="@BeforeTest testLogin" time="0.0">
    <ignored/>
  </testcase> <!-- @BeforeTest testLogin -->
  <testcase classname="com.recruitcrm.testing.Base" name="@BeforeSuite openBrowser" time="0.0">
    <ignored/>
  </testcase> <!-- @BeforeSuite openBrowser -->
  <testcase classname="com.recruitcrm.testing.Base" name="@BeforeSuite openBrowser" time="0.0">
    <ignored/>
  </testcase> <!-- @BeforeSuite openBrowser -->
  <testcase classname="com.recruitcrm.testing.Base" name="@BeforeSuite openBrowser" time="0.0">
    <ignored/>
  </testcase> <!-- @BeforeSuite openBrowser -->
</testsuite> <!-- Test_1 -->
