<?xml version="1.0" encoding="UTF-8"?>
<!-- Generated by org.testng.reporters.JUnitXMLReporter -->
<testsuite ignored="0" hostname="LIMBO" failures="0" tests="3" name="TestAddCandidate" time="57.298" errors="0" timestamp="2023-10-24T21:18:36 IST">
  <testcase classname="com.recruitcrm.testing.LoginTesting" name="testLogin" time="2.499"/>
  <testcase classname="com.recruitcrm.testing.AddCandidateTesting" name="addCandidateTest_1" time="25.097"/>
  <testcase classname="com.recruitcrm.testing.AddCandidateTesting" name="addCandidateTest_2" time="26.935"/>
</testsuite> <!-- TestAddCandidate -->
