<?xml version="1.0" encoding="UTF-8"?>
<!-- Generated by org.testng.reporters.JUnitXMLReporter -->
<testsuite ignored="5" hostname="LIMBO" failures="0" tests="2" name="Test_1" time="34.728" errors="0" timestamp="2023-11-16T13:02:39 IST">
  <testcase classname="com.recruitcrm.testing.AddCandidateTesting" name="addCandidateTest_1" time="18.984"/>
  <testcase classname="com.recruitcrm.testing.AddCompanyTesting" name="addCompanyTest" time="12.409"/>
  <testcase classname="com.recruitcrm.testing.LoginTesting" name="@BeforeTest testLogin" time="0.0">
    <ignored/>
  </testcase> <!-- @BeforeTest testLogin -->
  <testcase classname="com.recruitcrm.testing.LoginTesting" name="@BeforeTest testLogin" time="0.0">
    <ignored/>
  </testcase> <!-- @BeforeTest testLogin -->
  <testcase classname="com.recruitcrm.testing.Base" name="@BeforeSuite openBrowser" time="0.0">
    <ignored/>
  </testcase> <!-- @BeforeSuite openBrowser -->
  <testcase classname="com.recruitcrm.testing.Base" name="@BeforeSuite openBrowser" time="0.0">
    <ignored/>
  </testcase> <!-- @BeforeSuite openBrowser -->
  <testcase classname="com.recruitcrm.testing.Base" name="@BeforeSuite openBrowser" time="0.0">
    <ignored/>
  </testcase> <!-- @BeforeSuite openBrowser -->
</testsuite> <!-- Test_1 -->
