<?xml version="1.0" encoding="UTF-8"?>
<!-- Generated by org.testng.reporters.JUnitXMLReporter -->
<testsuite ignored="0" hostname="LIMBO" failures="0" tests="3" name="Default test" time="72.793" errors="0" timestamp="2023-10-27T02:32:24 IST">
  <testcase classname="com.selenium.assignment.testing.Login" name="loginTest" time="7.933"/>
  <testcase classname="com.selenium.assignment.testing.AddCandidate" name="addCandidate_Manual" time="16.496"/>
  <testcase classname="com.selenium.assignment.testing.AddCandidate" name="addCandidateTest_Auto" time="48.324"/>
</testsuite> <!-- Default test -->
