<?xml version="1.0" encoding="UTF-8"?>
<!-- Generated by org.testng.reporters.JUnitXMLReporter -->
<testsuite ignored="0" hostname="LIMBO" failures="0" tests="6" name="Default test" time="159.579" errors="0" timestamp="2023-11-11T18:06:25 IST">
  <testcase classname="testCases.AddContactTestClass" name="addContactTest" time="25.922"/>
  <testcase classname="testCases.AddJobTestClass" name="addJobTest" time="21.985"/>
  <testcase classname="testCases.LoginTestClass" name="loginTest" time="4.115"/>
  <testcase classname="testCases.AddCandidateTestClass" name="addCandidateTest" time="28.848"/>
  <testcase classname="testCases.AddCandidateCustomFieldTestClass" name="addCandidateCustomFieldTest" time="67.201"/>
  <testcase classname="testCases.AddCompanyTestClass" name="addCompanyTest" time="10.987"/>
</testsuite> <!-- Default test -->
