<?xml version="1.0" encoding="UTF-8"?>
<!-- Generated by org.testng.reporters.JUnitXMLReporter -->
<testsuite ignored="0" hostname="LIMBO" failures="5" tests="10" name="Test" time="49.159" errors="0" timestamp="2023-10-27T01:36:36 IST">
  <testcase classname="com.selenium.assignment.testing.Login" name="loginTest" time="9.148"/>
  <testcase classname="com.selenium.assignment.testing.Login" name="loginTest" time="9.173"/>
  <testcase classname="com.selenium.assignment.testing.Login" name="loginTest" time="9.236"/>
  <testcase classname="com.selenium.assignment.testing.Login" name="loginTest" time="9.285"/>
  <testcase classname="com.selenium.assignment.testing.Login" name="loginTest" time="9.331"/>
  <testcase classname="com.selenium.assignment.testing.AddCompany" name="addCompanyTest" time="8.053">
    <failure type="java.lang.AssertionError" message="element click intercepted: Element &amp;lt;button data-v-56bb67c9=&amp;quot;&amp;quot; type=&amp;quot;button&amp;quot; class=&amp;quot;button btn-med&amp;quot;&amp;gt;...&amp;lt;/button&amp;gt; is not clickable at point (1325, 172). Other element would receive the click: &amp;lt;div class=&amp;quot;loading-background&amp;quot;&amp;gt;&amp;lt;/div&amp;gt;
  (Session info: chrome=118.0.5993.90)
Build info: version: &amp;apos;4.14.0&amp;apos;, revision: &amp;apos;e5a96349ce&amp;apos;
System info: os.name: &amp;apos;Windows 11&amp;apos;, os.arch: &amp;apos;amd64&amp;apos;, os.version: &amp;apos;10.0&amp;apos;, java.version: &amp;apos;17.0.8.1&amp;apos;
Driver info: org.openqa.selenium.chrome.ChromeDriver
Command: [7b263931b9f54a5a51c8ac1e961bc942, clickElement {id=44D7DBBAD393901FC2365D93DEFD0E4B_element_68}]
Capabilities {acceptInsecureCerts: false, browserName: chrome, browserVersion: 118.0.5993.90, chrome: {chromedriverVersion: 118.0.5993.70 (e52f33f30b91..., userDataDir: C:\Users\surya\AppData\Loca...}, fedcm:accounts: true, goog:chromeOptions: {debuggerAddress: localhost:53108}, networkConnectionEnabled: false, pageLoadStrategy: normal, platformName: windows, proxy: Proxy(), se:cdp: ws://localhost:53108/devtoo..., se:cdpVersion: 118.0.5993.90, setWindowRect: true, strictFileInteractability: false, timeouts: {implicit: 0, pageLoad: 300000, script: 30000}, unhandledPromptBehavior: dismiss and notify, webauthn:extension:credBlob: true, webauthn:extension:largeBlob: true, webauthn:extension:minPinLength: true, webauthn:extension:prf: true, webauthn:virtualAuthenticators: true}
Element: [[ChromeDriver: chrome on windows (7b263931b9f54a5a51c8ac1e961bc942)] -&amp;gt; css selector: #sTest-industryTxt div.dropdown-trigger &amp;gt; button]
Session ID: 7b263931b9f54a5a51c8ac1e961bc942">
      <![CDATA[java.lang.AssertionError: element click intercepted: Element <button data-v-56bb67c9="" type="button" class="button btn-med">...</button> is not clickable at point (1325, 172). Other element would receive the click: <div class="loading-background"></div>
  (Session info: chrome=118.0.5993.90)
Build info: version: '4.14.0', revision: 'e5a96349ce'
System info: os.name: 'Windows 11', os.arch: 'amd64', os.version: '10.0', java.version: '17.0.8.1'
Driver info: org.openqa.selenium.chrome.ChromeDriver
Command: [7b263931b9f54a5a51c8ac1e961bc942, clickElement {id=44D7DBBAD393901FC2365D93DEFD0E4B_element_68}]
Capabilities {acceptInsecureCerts: false, browserName: chrome, browserVersion: 118.0.5993.90, chrome: {chromedriverVersion: 118.0.5993.70 (e52f33f30b91..., userDataDir: C:\Users\surya\AppData\Loca...}, fedcm:accounts: true, goog:chromeOptions: {debuggerAddress: localhost:53108}, networkConnectionEnabled: false, pageLoadStrategy: normal, platformName: windows, proxy: Proxy(), se:cdp: ws://localhost:53108/devtoo..., se:cdpVersion: 118.0.5993.90, setWindowRect: true, strictFileInteractability: false, timeouts: {implicit: 0, pageLoad: 300000, script: 30000}, unhandledPromptBehavior: dismiss and notify, webauthn:extension:credBlob: true, webauthn:extension:largeBlob: true, webauthn:extension:minPinLength: true, webauthn:extension:prf: true, webauthn:virtualAuthenticators: true}
Element: [[ChromeDriver: chrome on windows (7b263931b9f54a5a51c8ac1e961bc942)] -> css selector: #sTest-industryTxt div.dropdown-trigger > button]
Session ID: 7b263931b9f54a5a51c8ac1e961bc942
at com.selenium.assignment.base.BaseUi.reportFail(BaseUi.java:293)
at com.selenium.assignment.base.BaseUi.elementClick(BaseUi.java:99)
at com.selenium.assignment.testing.AddCompany.addCompanyTest(AddCompany.java:29)
at java.base/java.util.concurrent.ThreadPoolExecutor.runWorker(ThreadPoolExecutor.java:1136)
at java.base/java.util.concurrent.ThreadPoolExecutor$Worker.run(ThreadPoolExecutor.java:635)
at java.base/java.lang.Thread.run(Thread.java:833)
... Removed 13 stack frames]]>
    </failure>
  </testcase> <!-- addCompanyTest -->
  <testcase classname="com.selenium.assignment.testing.AddContact" name="addContact" time="21.597">
    <failure type="org.openqa.selenium.StaleElementReferenceException" message="stale element reference: stale element not found
  (Session info: chrome=118.0.5993.90)
For documentation on this error, please visit: https://www.selenium.dev/documentation/webdriver/troubleshooting/errors#stale-element-reference-exception
Build info: version: &amp;apos;4.14.0&amp;apos;, revision: &amp;apos;e5a96349ce&amp;apos;
System info: os.name: &amp;apos;Windows 11&amp;apos;, os.arch: &amp;apos;amd64&amp;apos;, os.version: &amp;apos;10.0&amp;apos;, java.version: &amp;apos;17.0.8.1&amp;apos;
Driver info: org.openqa.selenium.chrome.ChromeDriver
Command: [5e9041b1d5760dd717f1ab03f23fef70, getElementText {id=333238282BB76B9812A753108FDBB210_element_104}]
Capabilities {acceptInsecureCerts: false, browserName: chrome, browserVersion: 118.0.5993.90, chrome: {chromedriverVersion: 118.0.5993.70 (e52f33f30b91..., userDataDir: C:\Users\surya\AppData\Loca...}, fedcm:accounts: true, goog:chromeOptions: {debuggerAddress: localhost:53105}, networkConnectionEnabled: false, pageLoadStrategy: normal, platformName: windows, proxy: Proxy(), se:cdp: ws://localhost:53105/devtoo..., se:cdpVersion: 118.0.5993.90, setWindowRect: true, strictFileInteractability: false, timeouts: {implicit: 0, pageLoad: 300000, script: 30000}, unhandledPromptBehavior: dismiss and notify, webauthn:extension:credBlob: true, webauthn:extension:largeBlob: true, webauthn:extension:minPinLength: true, webauthn:extension:prf: true, webauthn:virtualAuthenticators: true}
Element: [[ChromeDriver: chrome on windows (5e9041b1d5760dd717f1ab03f23fef70)] -&amp;gt; css selector: #sTest-searchCompanyName ul li]
Session ID: 5e9041b1d5760dd717f1ab03f23fef70">
      <![CDATA[org.openqa.selenium.StaleElementReferenceException: stale element reference: stale element not found
  (Session info: chrome=118.0.5993.90)
For documentation on this error, please visit: https://www.selenium.dev/documentation/webdriver/troubleshooting/errors#stale-element-reference-exception
Build info: version: '4.14.0', revision: 'e5a96349ce'
System info: os.name: 'Windows 11', os.arch: 'amd64', os.version: '10.0', java.version: '17.0.8.1'
Driver info: org.openqa.selenium.chrome.ChromeDriver
Command: [5e9041b1d5760dd717f1ab03f23fef70, getElementText {id=333238282BB76B9812A753108FDBB210_element_104}]
Capabilities {acceptInsecureCerts: false, browserName: chrome, browserVersion: 118.0.5993.90, chrome: {chromedriverVersion: 118.0.5993.70 (e52f33f30b91..., userDataDir: C:\Users\surya\AppData\Loca...}, fedcm:accounts: true, goog:chromeOptions: {debuggerAddress: localhost:53105}, networkConnectionEnabled: false, pageLoadStrategy: normal, platformName: windows, proxy: Proxy(), se:cdp: ws://localhost:53105/devtoo..., se:cdpVersion: 118.0.5993.90, setWindowRect: true, strictFileInteractability: false, timeouts: {implicit: 0, pageLoad: 300000, script: 30000}, unhandledPromptBehavior: dismiss and notify, webauthn:extension:credBlob: true, webauthn:extension:largeBlob: true, webauthn:extension:minPinLength: true, webauthn:extension:prf: true, webauthn:virtualAuthenticators: true}
Element: [[ChromeDriver: chrome on windows (5e9041b1d5760dd717f1ab03f23fef70)] -> css selector: #sTest-searchCompanyName ul li]
Session ID: 5e9041b1d5760dd717f1ab03f23fef70
at org.openqa.selenium.remote.codec.w3c.W3CHttpResponseCodec.createException(W3CHttpResponseCodec.java:200)
at org.openqa.selenium.remote.codec.w3c.W3CHttpResponseCodec.decode(W3CHttpResponseCodec.java:133)
at org.openqa.selenium.remote.codec.w3c.W3CHttpResponseCodec.decode(W3CHttpResponseCodec.java:52)
at org.openqa.selenium.remote.HttpCommandExecutor.execute(HttpCommandExecutor.java:191)
at org.openqa.selenium.remote.service.DriverCommandExecutor.invokeExecute(DriverCommandExecutor.java:196)
at org.openqa.selenium.remote.service.DriverCommandExecutor.execute(DriverCommandExecutor.java:171)
at org.openqa.selenium.remote.RemoteWebDriver.execute(RemoteWebDriver.java:602)
at org.openqa.selenium.remote.RemoteWebElement.execute(RemoteWebElement.java:224)
at org.openqa.selenium.remote.RemoteWebElement.getText(RemoteWebElement.java:192)
at com.selenium.assignment.base.BaseUi.select(BaseUi.java:275)
at com.selenium.assignment.testing.AddContact.addAndSelectCompanies(AddContact.java:53)
at com.selenium.assignment.testing.AddContact.addContact(AddContact.java:31)
at java.base/java.util.concurrent.ThreadPoolExecutor.runWorker(ThreadPoolExecutor.java:1136)
at java.base/java.util.concurrent.ThreadPoolExecutor$Worker.run(ThreadPoolExecutor.java:635)
at java.base/java.lang.Thread.run(Thread.java:833)
... Removed 17 stack frames]]>
    </failure>
  </testcase> <!-- addContact -->
  <testcase classname="com.selenium.assignment.testing.AddJob" name="addJobTest" time="29.669">
    <failure type="org.openqa.selenium.StaleElementReferenceException" message="stale element reference: stale element not found
  (Session info: chrome=118.0.5993.90)
For documentation on this error, please visit: https://www.selenium.dev/documentation/webdriver/troubleshooting/errors#stale-element-reference-exception
Build info: version: &amp;apos;4.14.0&amp;apos;, revision: &amp;apos;e5a96349ce&amp;apos;
System info: os.name: &amp;apos;Windows 11&amp;apos;, os.arch: &amp;apos;amd64&amp;apos;, os.version: &amp;apos;10.0&amp;apos;, java.version: &amp;apos;17.0.8.1&amp;apos;
Driver info: org.openqa.selenium.chrome.ChromeDriver
Command: [d68935a2a9d2e051b76f36bbda362ac8, getElementText {id=C8B7EC16B2304D648276AC4DF907932B_element_248}]
Capabilities {acceptInsecureCerts: false, browserName: chrome, browserVersion: 118.0.5993.90, chrome: {chromedriverVersion: 118.0.5993.70 (e52f33f30b91..., userDataDir: C:\Users\surya\AppData\Loca...}, fedcm:accounts: true, goog:chromeOptions: {debuggerAddress: localhost:53106}, networkConnectionEnabled: false, pageLoadStrategy: normal, platformName: windows, proxy: Proxy(), se:cdp: ws://localhost:53106/devtoo..., se:cdpVersion: 118.0.5993.90, setWindowRect: true, strictFileInteractability: false, timeouts: {implicit: 0, pageLoad: 300000, script: 30000}, unhandledPromptBehavior: dismiss and notify, webauthn:extension:credBlob: true, webauthn:extension:largeBlob: true, webauthn:extension:minPinLength: true, webauthn:extension:prf: true, webauthn:virtualAuthenticators: true}
Element: [[ChromeDriver: chrome on windows (d68935a2a9d2e051b76f36bbda362ac8)] -&amp;gt; css selector: div#sTest-addJobConactTxt ul li]
Session ID: d68935a2a9d2e051b76f36bbda362ac8">
      <![CDATA[org.openqa.selenium.StaleElementReferenceException: stale element reference: stale element not found
  (Session info: chrome=118.0.5993.90)
For documentation on this error, please visit: https://www.selenium.dev/documentation/webdriver/troubleshooting/errors#stale-element-reference-exception
Build info: version: '4.14.0', revision: 'e5a96349ce'
System info: os.name: 'Windows 11', os.arch: 'amd64', os.version: '10.0', java.version: '17.0.8.1'
Driver info: org.openqa.selenium.chrome.ChromeDriver
Command: [d68935a2a9d2e051b76f36bbda362ac8, getElementText {id=C8B7EC16B2304D648276AC4DF907932B_element_248}]
Capabilities {acceptInsecureCerts: false, browserName: chrome, browserVersion: 118.0.5993.90, chrome: {chromedriverVersion: 118.0.5993.70 (e52f33f30b91..., userDataDir: C:\Users\surya\AppData\Loca...}, fedcm:accounts: true, goog:chromeOptions: {debuggerAddress: localhost:53106}, networkConnectionEnabled: false, pageLoadStrategy: normal, platformName: windows, proxy: Proxy(), se:cdp: ws://localhost:53106/devtoo..., se:cdpVersion: 118.0.5993.90, setWindowRect: true, strictFileInteractability: false, timeouts: {implicit: 0, pageLoad: 300000, script: 30000}, unhandledPromptBehavior: dismiss and notify, webauthn:extension:credBlob: true, webauthn:extension:largeBlob: true, webauthn:extension:minPinLength: true, webauthn:extension:prf: true, webauthn:virtualAuthenticators: true}
Element: [[ChromeDriver: chrome on windows (d68935a2a9d2e051b76f36bbda362ac8)] -> css selector: div#sTest-addJobConactTxt ul li]
Session ID: d68935a2a9d2e051b76f36bbda362ac8
at org.openqa.selenium.remote.codec.w3c.W3CHttpResponseCodec.createException(W3CHttpResponseCodec.java:200)
at org.openqa.selenium.remote.codec.w3c.W3CHttpResponseCodec.decode(W3CHttpResponseCodec.java:133)
at org.openqa.selenium.remote.codec.w3c.W3CHttpResponseCodec.decode(W3CHttpResponseCodec.java:52)
at org.openqa.selenium.remote.HttpCommandExecutor.execute(HttpCommandExecutor.java:191)
at org.openqa.selenium.remote.service.DriverCommandExecutor.invokeExecute(DriverCommandExecutor.java:196)
at org.openqa.selenium.remote.service.DriverCommandExecutor.execute(DriverCommandExecutor.java:171)
at org.openqa.selenium.remote.RemoteWebDriver.execute(RemoteWebDriver.java:602)
at org.openqa.selenium.remote.RemoteWebElement.execute(RemoteWebElement.java:224)
at org.openqa.selenium.remote.RemoteWebElement.getText(RemoteWebElement.java:192)
at com.selenium.assignment.base.BaseUi.select(BaseUi.java:275)
at com.selenium.assignment.testing.AddJob.addJobTest(AddJob.java:44)
at java.base/java.util.concurrent.ThreadPoolExecutor.runWorker(ThreadPoolExecutor.java:1136)
at java.base/java.util.concurrent.ThreadPoolExecutor$Worker.run(ThreadPoolExecutor.java:635)
at java.base/java.lang.Thread.run(Thread.java:833)
... Removed 17 stack frames]]>
    </failure>
  </testcase> <!-- addJobTest -->
  <testcase classname="com.selenium.assignment.testing.AddCandidate" name="addCandidate_Manual" time="38.668">
    <failure type="java.lang.AssertionError" message="Expected condition failed: waiting for presence of element located by: By.cssSelector: div[role=&amp;apos;alert&amp;apos;].toast.is-success (tried for 30 second(s) with 500 milliseconds interval)">
      <![CDATA[java.lang.AssertionError: Expected condition failed: waiting for presence of element located by: By.cssSelector: div[role='alert'].toast.is-success (tried for 30 second(s) with 500 milliseconds interval)
at com.selenium.assignment.base.BaseUi.reportFail(BaseUi.java:293)
at com.selenium.assignment.base.BaseUi.explicitWait(BaseUi.java:251)
at com.selenium.assignment.testing.AddCandidate.verifyCandidateAdded(AddCandidate.java:72)
at com.selenium.assignment.testing.AddCandidate.addCandidate_Manual(AddCandidate.java:35)
at java.base/java.util.concurrent.ThreadPoolExecutor.runWorker(ThreadPoolExecutor.java:1136)
at java.base/java.util.concurrent.ThreadPoolExecutor$Worker.run(ThreadPoolExecutor.java:635)
at java.base/java.lang.Thread.run(Thread.java:833)
... Removed 13 stack frames]]>
    </failure>
  </testcase> <!-- addCandidate_Manual -->
  <testcase classname="com.selenium.assignment.testing.AddCandidate" name="addCandidateTest_Auto" time="1.159">
    <failure type="java.lang.AssertionError" message="element click intercepted: Element &amp;lt;a data-v-5b813768=&amp;quot;&amp;quot; id=&amp;quot;sTest-addInAppBtn&amp;quot; class=&amp;quot;add_new&amp;quot; data-bs-toggle=&amp;quot;dropdown&amp;quot; disabled=&amp;quot;false&amp;quot; aria-expanded=&amp;quot;false&amp;quot;&amp;gt;...&amp;lt;/a&amp;gt; is not clickable at point (1232, 27). Other element would receive the click: &amp;lt;p class=&amp;quot;modal-card-title m-b-15 m-t-15&amp;quot;&amp;gt;...&amp;lt;/p&amp;gt;
  (Session info: chrome=118.0.5993.90)
Build info: version: &amp;apos;4.14.0&amp;apos;, revision: &amp;apos;e5a96349ce&amp;apos;
System info: os.name: &amp;apos;Windows 11&amp;apos;, os.arch: &amp;apos;amd64&amp;apos;, os.version: &amp;apos;10.0&amp;apos;, java.version: &amp;apos;17.0.8.1&amp;apos;
Driver info: org.openqa.selenium.chrome.ChromeDriver
Command: [e16fd7fb92db98d554ba1866f0c48ba6, clickElement {id=066F471AEDBE8D58E857C0FA70AF70EA_element_16}]
Capabilities {acceptInsecureCerts: false, browserName: chrome, browserVersion: 118.0.5993.90, chrome: {chromedriverVersion: 118.0.5993.70 (e52f33f30b91..., userDataDir: C:\Users\surya\AppData\Loca...}, fedcm:accounts: true, goog:chromeOptions: {debuggerAddress: localhost:53104}, networkConnectionEnabled: false, pageLoadStrategy: normal, platformName: windows, proxy: Proxy(), se:cdp: ws://localhost:53104/devtoo..., se:cdpVersion: 118.0.5993.90, setWindowRect: true, strictFileInteractability: false, timeouts: {implicit: 0, pageLoad: 300000, script: 30000}, unhandledPromptBehavior: dismiss and notify, webauthn:extension:credBlob: true, webauthn:extension:largeBlob: true, webauthn:extension:minPinLength: true, webauthn:extension:prf: true, webauthn:virtualAuthenticators: true}
Element: [[ChromeDriver: chrome on windows (e16fd7fb92db98d554ba1866f0c48ba6)] -&amp;gt; css selector: #sTest-addInAppBtn]
Session ID: e16fd7fb92db98d554ba1866f0c48ba6">
      <![CDATA[java.lang.AssertionError: element click intercepted: Element <a data-v-5b813768="" id="sTest-addInAppBtn" class="add_new" data-bs-toggle="dropdown" disabled="false" aria-expanded="false">...</a> is not clickable at point (1232, 27). Other element would receive the click: <p class="modal-card-title m-b-15 m-t-15">...</p>
  (Session info: chrome=118.0.5993.90)
Build info: version: '4.14.0', revision: 'e5a96349ce'
System info: os.name: 'Windows 11', os.arch: 'amd64', os.version: '10.0', java.version: '17.0.8.1'
Driver info: org.openqa.selenium.chrome.ChromeDriver
Command: [e16fd7fb92db98d554ba1866f0c48ba6, clickElement {id=066F471AEDBE8D58E857C0FA70AF70EA_element_16}]
Capabilities {acceptInsecureCerts: false, browserName: chrome, browserVersion: 118.0.5993.90, chrome: {chromedriverVersion: 118.0.5993.70 (e52f33f30b91..., userDataDir: C:\Users\surya\AppData\Loca...}, fedcm:accounts: true, goog:chromeOptions: {debuggerAddress: localhost:53104}, networkConnectionEnabled: false, pageLoadStrategy: normal, platformName: windows, proxy: Proxy(), se:cdp: ws://localhost:53104/devtoo..., se:cdpVersion: 118.0.5993.90, setWindowRect: true, strictFileInteractability: false, timeouts: {implicit: 0, pageLoad: 300000, script: 30000}, unhandledPromptBehavior: dismiss and notify, webauthn:extension:credBlob: true, webauthn:extension:largeBlob: true, webauthn:extension:minPinLength: true, webauthn:extension:prf: true, webauthn:virtualAuthenticators: true}
Element: [[ChromeDriver: chrome on windows (e16fd7fb92db98d554ba1866f0c48ba6)] -> css selector: #sTest-addInAppBtn]
Session ID: e16fd7fb92db98d554ba1866f0c48ba6
at com.selenium.assignment.base.BaseUi.reportFail(BaseUi.java:293)
at com.selenium.assignment.base.BaseUi.elementClick(BaseUi.java:99)
at com.selenium.assignment.testing.AddCandidate.addCandidateTest_Auto(AddCandidate.java:47)
at java.base/java.util.concurrent.ThreadPoolExecutor.runWorker(ThreadPoolExecutor.java:1136)
at java.base/java.util.concurrent.ThreadPoolExecutor$Worker.run(ThreadPoolExecutor.java:635)
at java.base/java.lang.Thread.run(Thread.java:833)
... Removed 13 stack frames]]>
    </failure>
  </testcase> <!-- addCandidateTest_Auto -->
</testsuite> <!-- Test -->
