<?xml version="1.0" encoding="UTF-8"?>
<!-- Generated by org.testng.reporters.JUnitXMLReporter -->
<testsuite ignored="8" hostname="LIMBO" failures="0" tests="5" name="Test" time="94.33" errors="0" timestamp="2023-10-27T16:01:16 IST">
  <testcase classname="com.selenium.assignment.testing.AddCandidate" name="addCandidateTest_Manual" time="14.146"/>
  <testcase classname="com.selenium.assignment.testing.AddCandidate" name="addCandidateTest_Auto" time="51.688"/>
  <testcase classname="com.selenium.assignment.testing.AddCompany" name="addCompanyTest" time="6.33"/>
  <testcase classname="com.selenium.assignment.testing.AddContact" name="addContactTest" time="11.162"/>
  <testcase classname="com.selenium.assignment.testing.AddJob" name="addJobTest" time="10.968"/>
  <testcase classname="com.selenium.assignment.testing.LoginAndLogout" name="@BeforeSuite loginTest" time="0.0">
    <ignored/>
  </testcase> <!-- @BeforeSuite loginTest -->
  <testcase classname="com.selenium.assignment.testing.LoginAndLogout" name="@BeforeSuite loginTest" time="0.0">
    <ignored/>
  </testcase> <!-- @BeforeSuite loginTest -->
  <testcase classname="com.selenium.assignment.testing.LoginAndLogout" name="@BeforeSuite loginTest" time="0.0">
    <ignored/>
  </testcase> <!-- @BeforeSuite loginTest -->
  <testcase classname="com.selenium.assignment.testing.LoginAndLogout" name="@BeforeSuite loginTest" time="0.0">
    <ignored/>
  </testcase> <!-- @BeforeSuite loginTest -->
  <testcase classname="com.selenium.assignment.testing.LoginAndLogout" name="@AfterSuite logoutTest" time="0.0">
    <ignored/>
  </testcase> <!-- @AfterSuite logoutTest -->
  <testcase classname="com.selenium.assignment.testing.LoginAndLogout" name="@AfterSuite logoutTest" time="0.0">
    <ignored/>
  </testcase> <!-- @AfterSuite logoutTest -->
  <testcase classname="com.selenium.assignment.testing.LoginAndLogout" name="@AfterSuite logoutTest" time="0.0">
    <ignored/>
  </testcase> <!-- @AfterSuite logoutTest -->
  <testcase classname="com.selenium.assignment.testing.LoginAndLogout" name="@AfterSuite logoutTest" time="0.0">
    <ignored/>
  </testcase> <!-- @AfterSuite logoutTest -->
</testsuite> <!-- Test -->
