<?xml version="1.0" encoding="UTF-8"?>
<!-- Generated by org.testng.reporters.JUnitXMLReporter -->
<testsuite ignored="8" hostname="LIMBO" failures="0" tests="5" name="Test" time="101.852" errors="0" timestamp="2023-11-01T19:56:27 IST">
  <testcase classname="com.selenium.assignment.testing.AddCandidate" name="addCandidateTest_Manual" time="22.42"/>
  <testcase classname="com.selenium.assignment.testing.AddCandidate" name="addCandidateTest_Auto" time="50.224"/>
  <testcase classname="com.selenium.assignment.testing.AddCompany" name="addCompanyTest" time="8.293"/>
  <testcase classname="com.selenium.assignment.testing.AddContact" name="addContactTest" time="10.567"/>
  <testcase classname="com.selenium.assignment.testing.AddJob" name="addJobTest" time="10.32"/>
  <testcase classname="com.selenium.assignment.testing.LoginAndLogout" name="@BeforeSuite loginTest" time="0.0">
    <ignored/>
  </testcase> <!-- @BeforeSuite loginTest -->
  <testcase classname="com.selenium.assignment.testing.LoginAndLogout" name="@BeforeSuite loginTest" time="0.0">
    <ignored/>
  </testcase> <!-- @BeforeSuite loginTest -->
  <testcase classname="com.selenium.assignment.testing.LoginAndLogout" name="@BeforeSuite loginTest" time="0.0">
    <ignored/>
  </testcase> <!-- @BeforeSuite loginTest -->
  <testcase classname="com.selenium.assignment.testing.LoginAndLogout" name="@BeforeSuite loginTest" time="0.0">
    <ignored/>
  </testcase> <!-- @BeforeSuite loginTest -->
  <testcase classname="com.selenium.assignment.testing.LoginAndLogout" name="@AfterSuite logoutTest" time="0.0">
    <ignored/>
  </testcase> <!-- @AfterSuite logoutTest -->
  <testcase classname="com.selenium.assignment.testing.LoginAndLogout" name="@AfterSuite logoutTest" time="0.0">
    <ignored/>
  </testcase> <!-- @AfterSuite logoutTest -->
  <testcase classname="com.selenium.assignment.testing.LoginAndLogout" name="@AfterSuite logoutTest" time="0.0">
    <ignored/>
  </testcase> <!-- @AfterSuite logoutTest -->
  <testcase classname="com.selenium.assignment.testing.LoginAndLogout" name="@AfterSuite logoutTest" time="0.0">
    <ignored/>
  </testcase> <!-- @AfterSuite logoutTest -->
</testsuite> <!-- Test -->
