<?xml version="1.0" encoding="UTF-8"?>
<!-- Generated by org.testng.reporters.JUnitXMLReporter -->
<testsuite ignored="8" hostname="LIMBO" failures="0" tests="5" name="Test" time="89.812" errors="0" timestamp="2023-10-27T15:47:06 IST">
  <testcase classname="com.selenium.assignment.testing.AddCandidate" name="addCandidate_Manual" time="13.741"/>
  <testcase classname="com.selenium.assignment.testing.AddCandidate" name="addCandidateTest_Auto" time="48.101"/>
  <testcase classname="com.selenium.assignment.testing.AddCompany" name="addCompanyTest" time="7.193"/>
  <testcase classname="com.selenium.assignment.testing.AddContact" name="addContact" time="10.063"/>
  <testcase classname="com.selenium.assignment.testing.AddJob" name="addJobTest" time="10.683"/>
  <testcase classname="com.selenium.assignment.testing.LoginAndLogout" name="@BeforeSuite loginTest" time="0.0">
    <ignored/>
  </testcase> <!-- @BeforeSuite loginTest -->
  <testcase classname="com.selenium.assignment.testing.LoginAndLogout" name="@BeforeSuite loginTest" time="0.0">
    <ignored/>
  </testcase> <!-- @BeforeSuite loginTest -->
  <testcase classname="com.selenium.assignment.testing.LoginAndLogout" name="@BeforeSuite loginTest" time="0.0">
    <ignored/>
  </testcase> <!-- @BeforeSuite loginTest -->
  <testcase classname="com.selenium.assignment.testing.LoginAndLogout" name="@BeforeSuite loginTest" time="0.0">
    <ignored/>
  </testcase> <!-- @BeforeSuite loginTest -->
  <testcase classname="com.selenium.assignment.testing.LoginAndLogout" name="@AfterSuite logoutTest" time="0.0">
    <ignored/>
  </testcase> <!-- @AfterSuite logoutTest -->
  <testcase classname="com.selenium.assignment.testing.LoginAndLogout" name="@AfterSuite logoutTest" time="0.0">
    <ignored/>
  </testcase> <!-- @AfterSuite logoutTest -->
  <testcase classname="com.selenium.assignment.testing.LoginAndLogout" name="@AfterSuite logoutTest" time="0.0">
    <ignored/>
  </testcase> <!-- @AfterSuite logoutTest -->
  <testcase classname="com.selenium.assignment.testing.LoginAndLogout" name="@AfterSuite logoutTest" time="0.0">
    <ignored/>
  </testcase> <!-- @AfterSuite logoutTest -->
</testsuite> <!-- Test -->
