<?xml version="1.0" encoding="UTF-8"?>
<!-- Generated by org.testng.reporters.JUnitXMLReporter -->
<testsuite ignored="0" hostname="LIMBO" failures="0" tests="6" name="Test" time="146.154" errors="0" timestamp="2023-11-27T16:16:07 IST">
  <testcase classname="testCases.AddCandidateCustomFieldTestClass" name="addCandidateCustomFieldTest" time="71.019"/>
  <testcase classname="testCases.AddCandidateTestClass" name="addCandidateTest" time="11.612"/>
  <testcase classname="testCases.AddContactTestClass" name="addContactTest" time="23.719"/>
  <testcase classname="testCases.AddJobTestClass" name="addJobTest" time="20.68"/>
  <testcase classname="testCases.LoginTestClass" name="loginTest" time="4.605"/>
  <testcase classname="testCases.AddCompanyTestClass" name="addCompanyTest" time="14.153"/>
</testsuite> <!-- Test -->
