<?xml version="1.0" encoding="UTF-8"?>
<!-- Generated by org.testng.reporters.JUnitXMLReporter -->
<testsuite ignored="8" hostname="LIMBO" failures="0" tests="5" name="Test" time="99.666" errors="0" timestamp="2023-10-31T21:00:06 IST">
  <testcase classname="com.selenium.assignment.testing.AddCandidate" name="addCandidateTest_Manual" time="19.121"/>
  <testcase classname="com.selenium.assignment.testing.AddCandidate" name="addCandidateTest_Auto" time="49.358"/>
  <testcase classname="com.selenium.assignment.testing.AddCompany" name="addCompanyTest" time="8.868"/>
  <testcase classname="com.selenium.assignment.testing.AddContact" name="addContactTest" time="10.676"/>
  <testcase classname="com.selenium.assignment.testing.AddJob" name="addJobTest" time="11.62"/>
  <testcase classname="com.selenium.assignment.testing.LoginAndLogout" name="@BeforeSuite loginTest" time="0.0">
    <ignored/>
  </testcase> <!-- @BeforeSuite loginTest -->
  <testcase classname="com.selenium.assignment.testing.LoginAndLogout" name="@BeforeSuite loginTest" time="0.0">
    <ignored/>
  </testcase> <!-- @BeforeSuite loginTest -->
  <testcase classname="com.selenium.assignment.testing.LoginAndLogout" name="@BeforeSuite loginTest" time="0.0">
    <ignored/>
  </testcase> <!-- @BeforeSuite loginTest -->
  <testcase classname="com.selenium.assignment.testing.LoginAndLogout" name="@BeforeSuite loginTest" time="0.0">
    <ignored/>
  </testcase> <!-- @BeforeSuite loginTest -->
  <testcase classname="com.selenium.assignment.testing.LoginAndLogout" name="@AfterSuite logoutTest" time="0.0">
    <ignored/>
  </testcase> <!-- @AfterSuite logoutTest -->
  <testcase classname="com.selenium.assignment.testing.LoginAndLogout" name="@AfterSuite logoutTest" time="0.0">
    <ignored/>
  </testcase> <!-- @AfterSuite logoutTest -->
  <testcase classname="com.selenium.assignment.testing.LoginAndLogout" name="@AfterSuite logoutTest" time="0.0">
    <ignored/>
  </testcase> <!-- @AfterSuite logoutTest -->
  <testcase classname="com.selenium.assignment.testing.LoginAndLogout" name="@AfterSuite logoutTest" time="0.0">
    <ignored/>
  </testcase> <!-- @AfterSuite logoutTest -->
</testsuite> <!-- Test -->
