<?xml version="1.0" encoding="UTF-8"?>
<!-- Generated by org.testng.reporters.JUnitXMLReporter -->
<testsuite ignored="8" hostname="LIMBO" failures="0" tests="4" name="Test" time="42.275" errors="0" timestamp="2023-12-05T17:08:31 IST">
  <testcase classname="com.selenium.assignment.testing.AddCandidate" name="addCandidateTest_Manual" time="15.108"/>
  <testcase classname="com.selenium.assignment.testing.AddCompany" name="addCompanyTest" time="8.28"/>
  <testcase classname="com.selenium.assignment.testing.AddContact" name="addContactTest" time="8.849"/>
  <testcase classname="com.selenium.assignment.testing.AddJob" name="addJobTest" time="10.021"/>
  <testcase classname="com.selenium.assignment.testing.LoginAndLogout" name="@BeforeSuite loginTest" time="0.0">
    <ignored/>
  </testcase> <!-- @BeforeSuite loginTest -->
  <testcase classname="com.selenium.assignment.testing.LoginAndLogout" name="@BeforeSuite loginTest" time="0.0">
    <ignored/>
  </testcase> <!-- @BeforeSuite loginTest -->
  <testcase classname="com.selenium.assignment.testing.LoginAndLogout" name="@BeforeSuite loginTest" time="0.0">
    <ignored/>
  </testcase> <!-- @BeforeSuite loginTest -->
  <testcase classname="com.selenium.assignment.testing.LoginAndLogout" name="@BeforeSuite loginTest" time="0.0">
    <ignored/>
  </testcase> <!-- @BeforeSuite loginTest -->
  <testcase classname="com.selenium.assignment.testing.LoginAndLogout" name="@AfterSuite logoutTest" time="0.0">
    <ignored/>
  </testcase> <!-- @AfterSuite logoutTest -->
  <testcase classname="com.selenium.assignment.testing.LoginAndLogout" name="@AfterSuite logoutTest" time="0.0">
    <ignored/>
  </testcase> <!-- @AfterSuite logoutTest -->
  <testcase classname="com.selenium.assignment.testing.LoginAndLogout" name="@AfterSuite logoutTest" time="0.0">
    <ignored/>
  </testcase> <!-- @AfterSuite logoutTest -->
  <testcase classname="com.selenium.assignment.testing.LoginAndLogout" name="@AfterSuite logoutTest" time="0.0">
    <ignored/>
  </testcase> <!-- @AfterSuite logoutTest -->
</testsuite> <!-- Test -->
