<?xml version="1.0" encoding="UTF-8"?>
<!-- Generated by org.testng.reporters.JUnitXMLReporter -->
<testsuite ignored="5" hostname="LIMBO" failures="0" tests="6" name="Test" time="188.453" errors="0" timestamp="2023-11-29T20:50:08 IST">
  <testcase classname="testCases.AddCandidateCustomFieldTestClass" name="addCandidateCustomFieldTest" time="92.705"/>
  <testcase classname="testCases.AddCandidateTestClass" name="addCandidateTest" time="26.302"/>
  <testcase classname="testCases.AddContactTestClass" name="addContactTest" time="25.828"/>
  <testcase classname="testCases.AddJobTestClass" name="addJobTest" time="26.756"/>
  <testcase classname="testCases.LoginTestClass" name="loginTest" time="5.03"/>
  <testcase classname="testCases.AddCompanyTestClass" name="addCompanyTest" time="10.595"/>
  <testcase classname="baseClasses.TestBaseClass" name="@AfterSuite quitDriverSession" time="0.0">
    <ignored/>
  </testcase> <!-- @AfterSuite quitDriverSession -->
  <testcase classname="baseClasses.TestBaseClass" name="@AfterSuite quitDriverSession" time="0.0">
    <ignored/>
  </testcase> <!-- @AfterSuite quitDriverSession -->
  <testcase classname="baseClasses.TestBaseClass" name="@AfterSuite quitDriverSession" time="0.0">
    <ignored/>
  </testcase> <!-- @AfterSuite quitDriverSession -->
  <testcase classname="baseClasses.TestBaseClass" name="@AfterSuite quitDriverSession" time="0.0">
    <ignored/>
  </testcase> <!-- @AfterSuite quitDriverSession -->
  <testcase classname="baseClasses.TestBaseClass" name="@AfterSuite quitDriverSession" time="0.0">
    <ignored/>
  </testcase> <!-- @AfterSuite quitDriverSession -->
</testsuite> <!-- Test -->
