<?xml version="1.0" encoding="UTF-8"?>
<testng-results ignored="0" total="6" passed="6" failed="0" skipped="0">
  <reporter-output>
  </reporter-output>
  <suite started-at="2023-11-29T20:47:00 IST" name="Suite" finished-at="2023-11-29T20:50:08 IST" duration-ms="188453">
    <groups>
    </groups>
    <test started-at="2023-11-29T20:47:00 IST" name="Test" finished-at="2023-11-29T20:50:08 IST" duration-ms="188453">
      <class name="testCases.AddContactTestClass">
        <test-method signature="addContactTest()[pri:0, instance:testCases.AddContactTestClass@7a67e3c6]" started-at="2023-11-29T20:48:59 IST" name="addContactTest" finished-at="2023-11-29T20:49:25 IST" duration-ms="25828" status="PASS">
          <reporter-output>
          </reporter-output>
        </test-method> <!-- addContactTest -->
        <test-method is-config="true" signature="flushReports()[pri:0, instance:testCases.AddContactTestClass@7a67e3c6]" started-at="2023-11-29T20:49:25 IST" name="flushReports" finished-at="2023-11-29T20:49:25 IST" duration-ms="172" status="PASS">
          <reporter-output>
          </reporter-output>
        </test-method> <!-- flushReports -->
      </class> <!-- testCases.AddContactTestClass -->
      <class name="testCases.AddJobTestClass">
        <test-method signature="addJobTest()[pri:0, instance:testCases.AddJobTestClass@6cc558c6]" started-at="2023-11-29T20:49:25 IST" name="addJobTest" finished-at="2023-11-29T20:49:52 IST" duration-ms="26756" status="PASS">
          <reporter-output>
          </reporter-output>
        </test-method> <!-- addJobTest -->
        <test-method is-config="true" signature="flushReports()[pri:0, instance:testCases.AddJobTestClass@6cc558c6]" started-at="2023-11-29T20:49:52 IST" name="flushReports" finished-at="2023-11-29T20:49:52 IST" duration-ms="158" status="PASS">
          <reporter-output>
          </reporter-output>
        </test-method> <!-- flushReports -->
      </class> <!-- testCases.AddJobTestClass -->
      <class name="testCases.LoginTestClass">
        <test-method signature="loginTest()[pri:0, instance:testCases.LoginTestClass@15713d56]" started-at="2023-11-29T20:49:52 IST" name="loginTest" finished-at="2023-11-29T20:49:57 IST" duration-ms="5030" status="PASS">
          <reporter-output>
          </reporter-output>
        </test-method> <!-- loginTest -->
        <test-method is-config="true" signature="flushReports()[pri:0, instance:testCases.LoginTestClass@15713d56]" started-at="2023-11-29T20:49:57 IST" name="flushReports" finished-at="2023-11-29T20:49:58 IST" duration-ms="171" status="PASS">
          <reporter-output>
          </reporter-output>
        </test-method> <!-- flushReports -->
      </class> <!-- testCases.LoginTestClass -->
      <class name="testCases.AddCandidateTestClass">
        <test-method signature="addCandidateTest()[pri:0, instance:testCases.AddCandidateTestClass@106cc338]" started-at="2023-11-29T20:48:33 IST" name="addCandidateTest" finished-at="2023-11-29T20:48:59 IST" duration-ms="26302" status="PASS">
          <reporter-output>
          </reporter-output>
        </test-method> <!-- addCandidateTest -->
        <test-method is-config="true" signature="flushReports()[pri:0, instance:testCases.AddCandidateTestClass@106cc338]" started-at="2023-11-29T20:48:59 IST" name="flushReports" finished-at="2023-11-29T20:48:59 IST" duration-ms="160" status="PASS">
          <reporter-output>
          </reporter-output>
        </test-method> <!-- flushReports -->
      </class> <!-- testCases.AddCandidateTestClass -->
      <class name="testCases.AddCandidateCustomFieldTestClass">
        <test-method signature="addCandidateCustomFieldTest()[pri:0, instance:testCases.AddCandidateCustomFieldTestClass@51fadaff]" started-at="2023-11-29T20:47:00 IST" name="addCandidateCustomFieldTest" finished-at="2023-11-29T20:48:33 IST" duration-ms="92705" status="PASS">
          <reporter-output>
          </reporter-output>
        </test-method> <!-- addCandidateCustomFieldTest -->
        <test-method is-config="true" signature="flushReports()[pri:0, instance:testCases.AddCandidateCustomFieldTestClass@51fadaff]" started-at="2023-11-29T20:48:33 IST" name="flushReports" finished-at="2023-11-29T20:48:33 IST" duration-ms="398" status="PASS">
          <reporter-output>
          </reporter-output>
        </test-method> <!-- flushReports -->
        <test-method is-config="true" signature="quitDriverSession()[pri:0, instance:testCases.AddCandidateCustomFieldTestClass@51fadaff]" started-at="2023-11-29T20:50:08 IST" name="quitDriverSession" finished-at="2023-11-29T20:50:08 IST" duration-ms="63" status="PASS">
          <reporter-output>
          </reporter-output>
        </test-method> <!-- quitDriverSession -->
      </class> <!-- testCases.AddCandidateCustomFieldTestClass -->
      <class name="testCases.AddCompanyTestClass">
        <test-method signature="addCompanyTest()[pri:0, instance:testCases.AddCompanyTestClass@63f259c3]" started-at="2023-11-29T20:49:58 IST" name="addCompanyTest" finished-at="2023-11-29T20:50:08 IST" duration-ms="10595" status="PASS">
          <reporter-output>
          </reporter-output>
        </test-method> <!-- addCompanyTest -->
        <test-method is-config="true" signature="flushReports()[pri:0, instance:testCases.AddCompanyTestClass@63f259c3]" started-at="2023-11-29T20:50:08 IST" name="flushReports" finished-at="2023-11-29T20:50:08 IST" duration-ms="138" status="PASS">
          <reporter-output>
          </reporter-output>
        </test-method> <!-- flushReports -->
      </class> <!-- testCases.AddCompanyTestClass -->
    </test> <!-- Test -->
  </suite> <!-- Suite -->
</testng-results>
