<?xml version="1.0" encoding="UTF-8"?>
<testng-results ignored="0" total="4" passed="4" failed="0" skipped="0">
  <reporter-output>
  </reporter-output>
  <suite started-at="2023-12-07T16:42:54 IST" name="Suite" finished-at="2023-12-07T16:43:41 IST" duration-ms="46942">
    <groups>
    </groups>
    <test started-at="2023-12-07T16:42:54 IST" name="Test" finished-at="2023-12-07T16:43:41 IST" duration-ms="46942">
      <class name="com.selenium.assignment.testing.AddCandidate">
        <test-method signature="addCandidateTest_Manual()[pri:1, instance:com.selenium.assignment.testing.AddCandidate@2c78324b]" started-at="2023-12-07T16:42:54 IST" name="addCandidateTest_Manual" finished-at="2023-12-07T16:43:11 IST" duration-ms="17163" status="PASS">
          <reporter-output>
          </reporter-output>
        </test-method> <!-- addCandidateTest_Manual -->
        <test-method is-config="true" signature="afterTestMethod()[pri:0, instance:com.selenium.assignment.testing.AddCandidate@2c78324b]" started-at="2023-12-07T16:43:11 IST" name="afterTestMethod" finished-at="2023-12-07T16:43:11 IST" duration-ms="0" status="PASS">
          <reporter-output>
          </reporter-output>
        </test-method> <!-- afterTestMethod -->
      </class> <!-- com.selenium.assignment.testing.AddCandidate -->
      <class name="com.selenium.assignment.testing.AddContact">
        <test-method signature="addContactTest()[pri:4, instance:com.selenium.assignment.testing.AddContact@18317edc]" started-at="2023-12-07T16:43:20 IST" name="addContactTest" finished-at="2023-12-07T16:43:29 IST" duration-ms="8966" status="PASS">
          <reporter-output>
          </reporter-output>
        </test-method> <!-- addContactTest -->
        <test-method is-config="true" signature="afterTestMethod()[pri:0, instance:com.selenium.assignment.testing.AddContact@18317edc]" started-at="2023-12-07T16:43:29 IST" name="afterTestMethod" finished-at="2023-12-07T16:43:29 IST" duration-ms="0" status="PASS">
          <reporter-output>
          </reporter-output>
        </test-method> <!-- afterTestMethod -->
      </class> <!-- com.selenium.assignment.testing.AddContact -->
      <class name="com.selenium.assignment.testing.LoginAndLogout">
        <test-method is-config="true" signature="loginTest()[pri:0, instance:com.selenium.assignment.testing.LoginAndLogout@7d9f158f]" started-at="2023-12-07T16:42:50 IST" name="loginTest" finished-at="2023-12-07T16:42:54 IST" duration-ms="3812" status="PASS">
          <reporter-output>
          </reporter-output>
        </test-method> <!-- loginTest -->
        <test-method is-config="true" signature="logoutTest()[pri:0, instance:com.selenium.assignment.testing.LoginAndLogout@7d9f158f]" started-at="2023-12-07T16:43:41 IST" name="logoutTest" finished-at="2023-12-07T16:43:42 IST" duration-ms="519" status="PASS">
          <reporter-output>
          </reporter-output>
        </test-method> <!-- logoutTest -->
      </class> <!-- com.selenium.assignment.testing.LoginAndLogout -->
      <class name="com.selenium.assignment.testing.AddJob">
        <test-method signature="addJobTest()[pri:5, instance:com.selenium.assignment.testing.AddJob@4e0ae11f]" started-at="2023-12-07T16:43:29 IST" name="addJobTest" finished-at="2023-12-07T16:43:41 IST" duration-ms="12069" status="PASS">
          <reporter-output>
          </reporter-output>
        </test-method> <!-- addJobTest -->
        <test-method is-config="true" signature="afterTestMethod()[pri:0, instance:com.selenium.assignment.testing.AddJob@4e0ae11f]" started-at="2023-12-07T16:43:41 IST" name="afterTestMethod" finished-at="2023-12-07T16:43:41 IST" duration-ms="0" status="PASS">
          <reporter-output>
          </reporter-output>
        </test-method> <!-- afterTestMethod -->
      </class> <!-- com.selenium.assignment.testing.AddJob -->
      <class name="com.selenium.assignment.testing.AddCompany">
        <test-method signature="addCompanyTest()[pri:3, instance:com.selenium.assignment.testing.AddCompany@79defdc]" started-at="2023-12-07T16:43:11 IST" name="addCompanyTest" finished-at="2023-12-07T16:43:20 IST" duration-ms="8715" status="PASS">
          <reporter-output>
          </reporter-output>
        </test-method> <!-- addCompanyTest -->
        <test-method is-config="true" signature="afterTestMethod()[pri:0, instance:com.selenium.assignment.testing.AddCompany@79defdc]" started-at="2023-12-07T16:43:20 IST" name="afterTestMethod" finished-at="2023-12-07T16:43:20 IST" duration-ms="0" status="PASS">
          <reporter-output>
          </reporter-output>
        </test-method> <!-- afterTestMethod -->
      </class> <!-- com.selenium.assignment.testing.AddCompany -->
    </test> <!-- Test -->
  </suite> <!-- Suite -->
</testng-results>
