<?xml version="1.0" encoding="UTF-8"?>
<testng-results ignored="0" total="1" passed="1" failed="0" skipped="0">
  <reporter-output>
  </reporter-output>
  <suite started-at="2023-12-15T16:44:20 IST" name="Default suite" finished-at="2023-12-15T16:44:23 IST" duration-ms="2501">
    <groups>
    </groups>
    <test started-at="2023-12-15T16:44:20 IST" name="Default test" finished-at="2023-12-15T16:44:23 IST" duration-ms="2501">
      <class name="userModel.deleteUser.DeleteUserTestClass">
        <test-method signature="deleteUserTestCase_1(org.testng.ITestContext)[pri:0, instance:userModel.deleteUser.DeleteUserTestClass@457c9034]" started-at="2023-12-15T16:44:20 IST" name="deleteUserTestCase_1" finished-at="2023-12-15T16:44:23 IST" duration-ms="2462" status="PASS">
          <params>
            <param index="0">
              <value>
                <![CDATA[org.testng.TestRunner@4eb386df]]>
              </value>
            </param>
          </params>
          <reporter-output>
          </reporter-output>
        </test-method> <!-- deleteUserTestCase_1 -->
      </class> <!-- userModel.deleteUser.DeleteUserTestClass -->
    </test> <!-- Default test -->
  </suite> <!-- Default suite -->
</testng-results>
