<?xml version="1.0" encoding="UTF-8"?>
<testng-results ignored="0" total="1" passed="1" failed="0" skipped="0">
  <reporter-output>
  </reporter-output>
  <suite started-at="2023-10-27T02:22:46 IST" name="Default suite" finished-at="2023-10-27T02:22:52 IST" duration-ms="5488">
    <groups>
    </groups>
    <test started-at="2023-10-27T02:22:46 IST" name="Default test" finished-at="2023-10-27T02:22:52 IST" duration-ms="5488">
      <class name="com.selenium.assignment.testing.Login">
        <test-method signature="loginTest()[pri:0, instance:com.selenium.assignment.testing.Login@24c22fe]" started-at="2023-10-27T02:22:46 IST" name="loginTest" finished-at="2023-10-27T02:22:52 IST" duration-ms="5449" status="PASS">
          <reporter-output>
          </reporter-output>
        </test-method> <!-- loginTest -->
      </class> <!-- com.selenium.assignment.testing.Login -->
    </test> <!-- Default test -->
  </suite> <!-- Default suite -->
</testng-results>
