<?xml version="1.0" encoding="UTF-8"?>
<testng-results ignored="5" total="7" passed="2" failed="0" skipped="0">
  <reporter-output>
  </reporter-output>
  <suite started-at="2023-12-07T16:53:26 IST" name="Default suite" finished-at="2023-12-07T16:53:56 IST" duration-ms="30371">
    <groups>
    </groups>
    <test started-at="2023-12-07T16:53:26 IST" name="Default test" finished-at="2023-12-07T16:53:56 IST" duration-ms="30371">
      <class name="com.recruitcrm.testing.Base">
        <test-method is-config="true" signature="openBrowser()[pri:0, instance:com.recruitcrm.testing.Base@d5b810e]" started-at="2023-12-07T16:53:23 IST" name="openBrowser" finished-at="2023-12-07T16:53:26 IST" duration-ms="3151" status="PASS">
          <reporter-output>
          </reporter-output>
        </test-method> <!-- openBrowser -->
      </class> <!-- com.recruitcrm.testing.Base -->
      <class name="com.recruitcrm.testing.AddCandidateTesting">
        <test-method is-config="true" signature="testLogin()[pri:0, instance:com.recruitcrm.testing.AddCandidateTesting@3c7f66c4]" started-at="2023-12-07T16:53:26 IST" name="testLogin" finished-at="2023-12-07T16:53:29 IST" duration-ms="3525" status="PASS">
          <reporter-output>
          </reporter-output>
        </test-method> <!-- testLogin -->
        <test-method signature="addCandidateTest_1()[pri:1, instance:com.recruitcrm.testing.AddCandidateTesting@3c7f66c4]" started-at="2023-12-07T16:53:29 IST" name="addCandidateTest_1" finished-at="2023-12-07T16:53:45 IST" duration-ms="15447" status="PASS">
          <reporter-output>
          </reporter-output>
        </test-method> <!-- addCandidateTest_1 -->
      </class> <!-- com.recruitcrm.testing.AddCandidateTesting -->
      <class name="com.recruitcrm.testing.AddCompanyTesting">
        <test-method signature="addCompanyTest()[pri:3, instance:com.recruitcrm.testing.AddCompanyTesting@194bcebf]" started-at="2023-12-07T16:53:45 IST" name="addCompanyTest" finished-at="2023-12-07T16:53:56 IST" duration-ms="11384" status="PASS">
          <reporter-output>
          </reporter-output>
        </test-method> <!-- addCompanyTest -->
      </class> <!-- com.recruitcrm.testing.AddCompanyTesting -->
    </test> <!-- Default test -->
  </suite> <!-- Default suite -->
</testng-results>
