<?xml version="1.0" encoding="UTF-8"?>
<testng-results ignored="0" total="3" passed="3" failed="0" skipped="0">
  <reporter-output>
  </reporter-output>
  <suite started-at="2023-11-27T13:22:40 IST" name="Launch Browser Scripts" finished-at="2023-11-27T13:23:11 IST" duration-ms="31215">
    <groups>
    </groups>
    <test started-at="2023-11-27T13:22:40 IST" name="Launch Browser" finished-at="2023-11-27T13:23:11 IST" duration-ms="31215">
      <class name="basic.LaunchEdge">
        <test-method is-config="true" signature="openBrowser()[pri:0, instance:basic.LaunchEdge@d5b810e]" started-at="2023-11-27T13:22:40 IST" name="openBrowser" finished-at="2023-11-27T13:22:46 IST" duration-ms="6350" status="PASS">
          <reporter-output>
          </reporter-output>
        </test-method> <!-- openBrowser -->
        <test-method signature="openSite()[pri:0, instance:basic.LaunchEdge@d5b810e]" started-at="2023-11-27T13:22:46 IST" name="openSite" finished-at="2023-11-27T13:22:49 IST" duration-ms="2431" status="PASS">
          <reporter-output>
          </reporter-output>
        </test-method> <!-- openSite -->
      </class> <!-- basic.LaunchEdge -->
      <class name="basic.LaunchChrome">
        <test-method is-config="true" signature="openBrowser()[pri:0, instance:basic.LaunchChrome@662b4c69]" started-at="2023-11-27T13:22:40 IST" name="openBrowser" finished-at="2023-11-27T13:22:44 IST" duration-ms="3633" status="PASS">
          <reporter-output>
          </reporter-output>
        </test-method> <!-- openBrowser -->
        <test-method signature="openSite()[pri:0, instance:basic.LaunchChrome@662b4c69]" started-at="2023-11-27T13:22:44 IST" name="openSite" finished-at="2023-11-27T13:22:46 IST" duration-ms="2051" status="PASS">
          <reporter-output>
          </reporter-output>
        </test-method> <!-- openSite -->
      </class> <!-- basic.LaunchChrome -->
      <class name="basic.LaunchFirefox">
        <test-method is-config="true" signature="openBrowser()[pri:0, instance:basic.LaunchFirefox@2ed2d9cb]" started-at="2023-11-27T13:22:40 IST" name="openBrowser" finished-at="2023-11-27T13:23:10 IST" duration-ms="29987" status="PASS">
          <reporter-output>
          </reporter-output>
        </test-method> <!-- openBrowser -->
        <test-method signature="openSite()[pri:0, instance:basic.LaunchFirefox@2ed2d9cb]" started-at="2023-11-27T13:23:10 IST" name="openSite" finished-at="2023-11-27T13:23:11 IST" duration-ms="1190" status="PASS">
          <reporter-output>
          </reporter-output>
        </test-method> <!-- openSite -->
      </class> <!-- basic.LaunchFirefox -->
    </test> <!-- Launch Browser -->
  </suite> <!-- Launch Browser Scripts -->
</testng-results>
