<?xml version="1.0" encoding="UTF-8"?>
<testng-results ignored="0" total="3" passed="3" failed="0" skipped="0">
  <reporter-output>
  </reporter-output>
  <suite started-at="2023-12-05T16:33:36 IST" name="Launch Browser Scripts" finished-at="2023-12-05T16:34:25 IST" duration-ms="49238">
    <groups>
    </groups>
    <test started-at="2023-12-05T16:33:36 IST" name="Launch Browser" finished-at="2023-12-05T16:34:25 IST" duration-ms="49238">
      <class name="basic.LaunchEdge">
        <test-method is-config="true" signature="openBrowser()[pri:0, instance:basic.LaunchEdge@d5b810e]" started-at="2023-12-05T16:33:36 IST" name="openBrowser" finished-at="2023-12-05T16:33:44 IST" duration-ms="8280" status="PASS">
          <reporter-output>
          </reporter-output>
        </test-method> <!-- openBrowser -->
        <test-method signature="openSite()[pri:0, instance:basic.LaunchEdge@d5b810e]" started-at="2023-12-05T16:33:44 IST" name="openSite" finished-at="2023-12-05T16:33:45 IST" duration-ms="921" status="PASS">
          <reporter-output>
          </reporter-output>
        </test-method> <!-- openSite -->
      </class> <!-- basic.LaunchEdge -->
      <class name="basic.LaunchChrome">
        <test-method is-config="true" signature="openBrowser()[pri:0, instance:basic.LaunchChrome@662b4c69]" started-at="2023-12-05T16:33:36 IST" name="openBrowser" finished-at="2023-12-05T16:33:40 IST" duration-ms="4292" status="PASS">
          <reporter-output>
          </reporter-output>
        </test-method> <!-- openBrowser -->
        <test-method signature="openSite()[pri:0, instance:basic.LaunchChrome@662b4c69]" started-at="2023-12-05T16:33:40 IST" name="openSite" finished-at="2023-12-05T16:33:45 IST" duration-ms="4487" status="PASS">
          <reporter-output>
          </reporter-output>
        </test-method> <!-- openSite -->
      </class> <!-- basic.LaunchChrome -->
      <class name="basic.LaunchFirefox">
        <test-method is-config="true" signature="openBrowser()[pri:0, instance:basic.LaunchFirefox@2ed2d9cb]" started-at="2023-12-05T16:33:36 IST" name="openBrowser" finished-at="2023-12-05T16:34:25 IST" duration-ms="48593" status="PASS">
          <reporter-output>
          </reporter-output>
        </test-method> <!-- openBrowser -->
        <test-method signature="openSite()[pri:0, instance:basic.LaunchFirefox@2ed2d9cb]" started-at="2023-12-05T16:34:25 IST" name="openSite" finished-at="2023-12-05T16:34:25 IST" duration-ms="609" status="PASS">
          <reporter-output>
          </reporter-output>
        </test-method> <!-- openSite -->
      </class> <!-- basic.LaunchFirefox -->
    </test> <!-- Launch Browser -->
  </suite> <!-- Launch Browser Scripts -->
</testng-results>
