<?xml version="1.0" encoding="UTF-8"?>
<testng-results ignored="0" total="2" passed="2" failed="0" skipped="0">
  <reporter-output>
  </reporter-output>
  <suite started-at="2023-10-25T18:57:19 IST" name="Default suite" finished-at="2023-10-25T18:57:42 IST" duration-ms="22087">
    <groups>
    </groups>
    <test started-at="2023-10-25T18:57:19 IST" name="Default test" finished-at="2023-10-25T18:57:42 IST" duration-ms="22087">
      <class name="com.recruitcrm.testing.AddCompanyTesting">
        <test-method is-config="true" signature="openBrowser()[pri:0, instance:com.recruitcrm.testing.AddCompanyTesting@306e95ec]" started-at="2023-10-25T18:57:19 IST" name="openBrowser" finished-at="2023-10-25T18:57:22 IST" duration-ms="2557" status="PASS">
          <reporter-output>
          </reporter-output>
        </test-method> <!-- openBrowser -->
        <test-method signature="testLogin()[pri:0, instance:com.recruitcrm.testing.AddCompanyTesting@306e95ec]" started-at="2023-10-25T18:57:22 IST" name="testLogin" finished-at="2023-10-25T18:57:24 IST" duration-ms="2276" status="PASS">
          <reporter-output>
          </reporter-output>
        </test-method> <!-- testLogin -->
        <test-method signature="addCompanyTest()[pri:3, instance:com.recruitcrm.testing.AddCompanyTesting@306e95ec]" started-at="2023-10-25T18:57:24 IST" name="addCompanyTest" finished-at="2023-10-25T18:57:42 IST" duration-ms="17223" status="PASS">
          <reporter-output>
          </reporter-output>
        </test-method> <!-- addCompanyTest -->
      </class> <!-- com.recruitcrm.testing.AddCompanyTesting -->
    </test> <!-- Default test -->
  </suite> <!-- Default suite -->
</testng-results>
