<?xml version="1.0" encoding="UTF-8"?>
<testng-results ignored="8" total="13" passed="5" failed="0" skipped="0">
  <reporter-output>
  </reporter-output>
  <suite started-at="2023-10-31T20:58:27 IST" name="Suite" finished-at="2023-10-31T21:00:06 IST" duration-ms="99666">
    <groups>
    </groups>
    <test started-at="2023-10-31T20:58:27 IST" name="Test" finished-at="2023-10-31T21:00:06 IST" duration-ms="99666">
      <class name="com.selenium.assignment.testing.AddCandidate">
        <test-method signature="addCandidateTest_Manual()[pri:1, instance:com.selenium.assignment.testing.AddCandidate@37fb0bed]" started-at="2023-10-31T20:58:27 IST" name="addCandidateTest_Manual" finished-at="2023-10-31T20:58:46 IST" duration-ms="19121" status="PASS">
          <reporter-output>
          </reporter-output>
        </test-method> <!-- addCandidateTest_Manual -->
        <test-method signature="addCandidateTest_Auto()[pri:2, instance:com.selenium.assignment.testing.AddCandidate@37fb0bed]" started-at="2023-10-31T20:58:46 IST" name="addCandidateTest_Auto" finished-at="2023-10-31T20:59:35 IST" duration-ms="49358" status="PASS">
          <reporter-output>
          </reporter-output>
        </test-method> <!-- addCandidateTest_Auto -->
        <test-method is-config="true" signature="afterTestMethod()[pri:0, instance:com.selenium.assignment.testing.AddCandidate@37fb0bed]" started-at="2023-10-31T20:58:46 IST" name="afterTestMethod" finished-at="2023-10-31T20:58:46 IST" duration-ms="0" status="PASS">
          <reporter-output>
          </reporter-output>
        </test-method> <!-- afterTestMethod -->
        <test-method is-config="true" signature="afterTestMethod()[pri:0, instance:com.selenium.assignment.testing.AddCandidate@37fb0bed]" started-at="2023-10-31T20:59:35 IST" name="afterTestMethod" finished-at="2023-10-31T20:59:35 IST" duration-ms="0" status="PASS">
          <reporter-output>
          </reporter-output>
        </test-method> <!-- afterTestMethod -->
      </class> <!-- com.selenium.assignment.testing.AddCandidate -->
      <class name="com.selenium.assignment.testing.AddContact">
        <test-method signature="addContactTest()[pri:4, instance:com.selenium.assignment.testing.AddContact@7b7fdc8]" started-at="2023-10-31T20:59:44 IST" name="addContactTest" finished-at="2023-10-31T20:59:55 IST" duration-ms="10676" status="PASS">
          <reporter-output>
          </reporter-output>
        </test-method> <!-- addContactTest -->
        <test-method is-config="true" signature="afterTestMethod()[pri:0, instance:com.selenium.assignment.testing.AddContact@7b7fdc8]" started-at="2023-10-31T20:59:55 IST" name="afterTestMethod" finished-at="2023-10-31T20:59:55 IST" duration-ms="0" status="PASS">
          <reporter-output>
          </reporter-output>
        </test-method> <!-- afterTestMethod -->
      </class> <!-- com.selenium.assignment.testing.AddContact -->
      <class name="com.selenium.assignment.testing.AddJob">
        <test-method signature="addJobTest()[pri:5, instance:com.selenium.assignment.testing.AddJob@51c693d]" started-at="2023-10-31T20:59:55 IST" name="addJobTest" finished-at="2023-10-31T21:00:06 IST" duration-ms="11620" status="PASS">
          <reporter-output>
          </reporter-output>
        </test-method> <!-- addJobTest -->
        <test-method is-config="true" signature="afterTestMethod()[pri:0, instance:com.selenium.assignment.testing.AddJob@51c693d]" started-at="2023-10-31T21:00:06 IST" name="afterTestMethod" finished-at="2023-10-31T21:00:06 IST" duration-ms="0" status="PASS">
          <reporter-output>
          </reporter-output>
        </test-method> <!-- afterTestMethod -->
      </class> <!-- com.selenium.assignment.testing.AddJob -->
      <class name="com.selenium.assignment.testing.LoginAndLogout">
        <test-method is-config="true" signature="loginTest()[pri:0, instance:com.selenium.assignment.testing.LoginAndLogout@7354b8c5]" started-at="2023-10-31T20:58:21 IST" name="loginTest" finished-at="2023-10-31T20:58:27 IST" duration-ms="5882" status="PASS">
          <reporter-output>
          </reporter-output>
        </test-method> <!-- loginTest -->
        <test-method is-config="true" signature="logoutTest()[pri:0, instance:com.selenium.assignment.testing.LoginAndLogout@7354b8c5]" started-at="2023-10-31T21:00:06 IST" name="logoutTest" finished-at="2023-10-31T21:00:07 IST" duration-ms="431" status="PASS">
          <reporter-output>
          </reporter-output>
        </test-method> <!-- logoutTest -->
      </class> <!-- com.selenium.assignment.testing.LoginAndLogout -->
      <class name="com.selenium.assignment.testing.AddCompany">
        <test-method signature="addCompanyTest()[pri:3, instance:com.selenium.assignment.testing.AddCompany@a82c5f1]" started-at="2023-10-31T20:59:35 IST" name="addCompanyTest" finished-at="2023-10-31T20:59:44 IST" duration-ms="8868" status="PASS">
          <reporter-output>
          </reporter-output>
        </test-method> <!-- addCompanyTest -->
        <test-method is-config="true" signature="afterTestMethod()[pri:0, instance:com.selenium.assignment.testing.AddCompany@a82c5f1]" started-at="2023-10-31T20:59:44 IST" name="afterTestMethod" finished-at="2023-10-31T20:59:44 IST" duration-ms="0" status="PASS">
          <reporter-output>
          </reporter-output>
        </test-method> <!-- afterTestMethod -->
      </class> <!-- com.selenium.assignment.testing.AddCompany -->
    </test> <!-- Test -->
  </suite> <!-- Suite -->
</testng-results>
