<?xml version="1.0" encoding="UTF-8"?>
<testng-results ignored="0" total="1" passed="1" failed="0" skipped="0">
  <reporter-output>
  </reporter-output>
  <suite started-at="2023-10-23T23:27:34 IST" name="Default suite" finished-at="2023-10-23T23:27:40 IST" duration-ms="6128">
    <groups>
    </groups>
    <test started-at="2023-10-23T23:27:34 IST" name="Default test" finished-at="2023-10-23T23:27:40 IST" duration-ms="6128">
      <class name="com.recruitcrm.testing.LoginTesting">
        <test-method is-config="true" signature="openBrowser()[pri:0, instance:com.recruitcrm.testing.LoginTesting@434a63ab]" started-at="2023-10-23T23:27:34 IST" name="openBrowser" finished-at="2023-10-23T23:27:37 IST" duration-ms="3510" status="PASS">
          <reporter-output>
          </reporter-output>
        </test-method> <!-- openBrowser -->
        <test-method signature="testLogin()[pri:0, instance:com.recruitcrm.testing.LoginTesting@434a63ab]" started-at="2023-10-23T23:27:37 IST" name="testLogin" finished-at="2023-10-23T23:27:40 IST" duration-ms="2591" status="PASS">
          <reporter-output>
          </reporter-output>
        </test-method> <!-- testLogin -->
      </class> <!-- com.recruitcrm.testing.LoginTesting -->
    </test> <!-- Default test -->
  </suite> <!-- Default suite -->
</testng-results>
