<?xml version="1.0" encoding="UTF-8"?>
<testng-results ignored="0" total="1" passed="1" failed="0" skipped="0">
  <reporter-output>
  </reporter-output>
  <suite started-at="2023-11-10T19:46:02 IST" name="Default suite" finished-at="2023-11-10T19:47:21 IST" duration-ms="78708">
    <groups>
    </groups>
    <test started-at="2023-11-10T19:46:02 IST" name="Default test" finished-at="2023-11-10T19:47:21 IST" duration-ms="78708">
      <class name="testCases.DeleteCandidateCustomFieldTestClass">
        <test-method signature="deleteCandidateCustomFieldTest()[pri:0, instance:testCases.DeleteCandidateCustomFieldTestClass@5c44c582]" started-at="2023-11-10T19:46:02 IST" name="deleteCandidateCustomFieldTest" finished-at="2023-11-10T19:47:20 IST" duration-ms="78412" status="PASS">
          <reporter-output>
          </reporter-output>
        </test-method> <!-- deleteCandidateCustomFieldTest -->
        <test-method is-config="true" signature="flushReports()[pri:0, instance:testCases.DeleteCandidateCustomFieldTestClass@5c44c582]" started-at="2023-11-10T19:47:20 IST" name="flushReports" finished-at="2023-11-10T19:47:21 IST" duration-ms="262" status="PASS">
          <reporter-output>
          </reporter-output>
        </test-method> <!-- flushReports -->
      </class> <!-- testCases.DeleteCandidateCustomFieldTestClass -->
    </test> <!-- Default test -->
  </suite> <!-- Default suite -->
</testng-results>
