<?xml version="1.0" encoding="UTF-8"?>
<testng-results ignored="8" total="13" passed="5" failed="0" skipped="0">
  <reporter-output>
  </reporter-output>
  <suite started-at="2023-10-28T21:02:23 IST" name="Suite" finished-at="2023-10-28T21:04:07 IST" duration-ms="103667">
    <groups>
    </groups>
    <test started-at="2023-10-28T21:02:23 IST" name="Test" finished-at="2023-10-28T21:04:07 IST" duration-ms="103667">
      <class name="com.selenium.assignment.testing.AddCandidate">
        <test-method signature="addCandidateTest_Manual()[pri:1, instance:com.selenium.assignment.testing.AddCandidate@37fb0bed]" started-at="2023-10-28T21:02:23 IST" name="addCandidateTest_Manual" finished-at="2023-10-28T21:02:42 IST" duration-ms="18798" status="PASS">
          <reporter-output>
          </reporter-output>
        </test-method> <!-- addCandidateTest_Manual -->
        <test-method signature="addCandidateTest_Auto()[pri:2, instance:com.selenium.assignment.testing.AddCandidate@37fb0bed]" started-at="2023-10-28T21:02:42 IST" name="addCandidateTest_Auto" finished-at="2023-10-28T21:03:32 IST" duration-ms="50072" status="PASS">
          <reporter-output>
          </reporter-output>
        </test-method> <!-- addCandidateTest_Auto -->
        <test-method is-config="true" signature="afterTestMethod()[pri:0, instance:com.selenium.assignment.testing.AddCandidate@37fb0bed]" started-at="2023-10-28T21:02:42 IST" name="afterTestMethod" finished-at="2023-10-28T21:02:42 IST" duration-ms="0" status="PASS">
          <reporter-output>
          </reporter-output>
        </test-method> <!-- afterTestMethod -->
        <test-method is-config="true" signature="afterTestMethod()[pri:0, instance:com.selenium.assignment.testing.AddCandidate@37fb0bed]" started-at="2023-10-28T21:03:32 IST" name="afterTestMethod" finished-at="2023-10-28T21:03:32 IST" duration-ms="0" status="PASS">
          <reporter-output>
          </reporter-output>
        </test-method> <!-- afterTestMethod -->
      </class> <!-- com.selenium.assignment.testing.AddCandidate -->
      <class name="com.selenium.assignment.testing.AddContact">
        <test-method signature="addContactTest()[pri:4, instance:com.selenium.assignment.testing.AddContact@7b7fdc8]" started-at="2023-10-28T21:03:47 IST" name="addContactTest" finished-at="2023-10-28T21:03:56 IST" duration-ms="9381" status="PASS">
          <reporter-output>
          </reporter-output>
        </test-method> <!-- addContactTest -->
        <test-method is-config="true" signature="afterTestMethod()[pri:0, instance:com.selenium.assignment.testing.AddContact@7b7fdc8]" started-at="2023-10-28T21:03:56 IST" name="afterTestMethod" finished-at="2023-10-28T21:03:56 IST" duration-ms="0" status="PASS">
          <reporter-output>
          </reporter-output>
        </test-method> <!-- afterTestMethod -->
      </class> <!-- com.selenium.assignment.testing.AddContact -->
      <class name="com.selenium.assignment.testing.AddJob">
        <test-method signature="addJobTest()[pri:5, instance:com.selenium.assignment.testing.AddJob@51c693d]" started-at="2023-10-28T21:03:56 IST" name="addJobTest" finished-at="2023-10-28T21:04:07 IST" duration-ms="10304" status="PASS">
          <reporter-output>
          </reporter-output>
        </test-method> <!-- addJobTest -->
        <test-method is-config="true" signature="afterTestMethod()[pri:0, instance:com.selenium.assignment.testing.AddJob@51c693d]" started-at="2023-10-28T21:04:07 IST" name="afterTestMethod" finished-at="2023-10-28T21:04:07 IST" duration-ms="0" status="PASS">
          <reporter-output>
          </reporter-output>
        </test-method> <!-- afterTestMethod -->
      </class> <!-- com.selenium.assignment.testing.AddJob -->
      <class name="com.selenium.assignment.testing.LoginAndLogout">
        <test-method is-config="true" signature="loginTest()[pri:0, instance:com.selenium.assignment.testing.LoginAndLogout@7354b8c5]" started-at="2023-10-28T21:02:16 IST" name="loginTest" finished-at="2023-10-28T21:02:23 IST" duration-ms="7175" status="PASS">
          <reporter-output>
          </reporter-output>
        </test-method> <!-- loginTest -->
        <test-method is-config="true" signature="logoutTest()[pri:0, instance:com.selenium.assignment.testing.LoginAndLogout@7354b8c5]" started-at="2023-10-28T21:04:07 IST" name="logoutTest" finished-at="2023-10-28T21:04:07 IST" duration-ms="716" status="PASS">
          <reporter-output>
          </reporter-output>
        </test-method> <!-- logoutTest -->
      </class> <!-- com.selenium.assignment.testing.LoginAndLogout -->
      <class name="com.selenium.assignment.testing.AddCompany">
        <test-method signature="addCompanyTest()[pri:3, instance:com.selenium.assignment.testing.AddCompany@a82c5f1]" started-at="2023-10-28T21:03:32 IST" name="addCompanyTest" finished-at="2023-10-28T21:03:47 IST" duration-ms="15084" status="PASS">
          <reporter-output>
          </reporter-output>
        </test-method> <!-- addCompanyTest -->
        <test-method is-config="true" signature="afterTestMethod()[pri:0, instance:com.selenium.assignment.testing.AddCompany@a82c5f1]" started-at="2023-10-28T21:03:47 IST" name="afterTestMethod" finished-at="2023-10-28T21:03:47 IST" duration-ms="0" status="PASS">
          <reporter-output>
          </reporter-output>
        </test-method> <!-- afterTestMethod -->
      </class> <!-- com.selenium.assignment.testing.AddCompany -->
    </test> <!-- Test -->
  </suite> <!-- Suite -->
</testng-results>
