<?xml version="1.0" encoding="UTF-8"?>
<testng-results ignored="5" total="7" passed="2" failed="0" skipped="0">
  <reporter-output>
  </reporter-output>
  <suite started-at="2023-12-05T16:37:40 IST" name="Recruit CRM Tetsing" finished-at="2023-12-05T16:38:23 IST" duration-ms="43638">
    <groups>
    </groups>
    <test started-at="2023-12-05T16:37:40 IST" name="Test_1" finished-at="2023-12-05T16:38:23 IST" duration-ms="43638">
      <class name="com.recruitcrm.testing.Base">
        <test-method is-config="true" signature="openBrowser()[pri:0, instance:com.recruitcrm.testing.Base@bae7dc0]" started-at="2023-12-05T16:37:35 IST" name="openBrowser" finished-at="2023-12-05T16:37:40 IST" duration-ms="4139" status="PASS">
          <reporter-output>
          </reporter-output>
        </test-method> <!-- openBrowser -->
      </class> <!-- com.recruitcrm.testing.Base -->
      <class name="com.recruitcrm.testing.AddCandidateTesting">
        <test-method signature="addCandidateTest_1()[pri:1, instance:com.recruitcrm.testing.AddCandidateTesting@2805d709]" started-at="2023-12-05T16:37:46 IST" name="addCandidateTest_1" finished-at="2023-12-05T16:38:12 IST" duration-ms="26331" status="PASS">
          <reporter-output>
          </reporter-output>
        </test-method> <!-- addCandidateTest_1 -->
      </class> <!-- com.recruitcrm.testing.AddCandidateTesting -->
      <class name="com.recruitcrm.testing.AddCompanyTesting">
        <test-method signature="addCompanyTest()[pri:3, instance:com.recruitcrm.testing.AddCompanyTesting@3ee37e5a]" started-at="2023-12-05T16:38:12 IST" name="addCompanyTest" finished-at="2023-12-05T16:38:23 IST" duration-ms="11334" status="PASS">
          <reporter-output>
          </reporter-output>
        </test-method> <!-- addCompanyTest -->
      </class> <!-- com.recruitcrm.testing.AddCompanyTesting -->
      <class name="com.recruitcrm.testing.LoginTesting">
        <test-method is-config="true" signature="testLogin()[pri:0, instance:com.recruitcrm.testing.LoginTesting@c88a337]" started-at="2023-12-05T16:37:40 IST" name="testLogin" finished-at="2023-12-05T16:37:46 IST" duration-ms="5950" status="PASS">
          <reporter-output>
          </reporter-output>
        </test-method> <!-- testLogin -->
      </class> <!-- com.recruitcrm.testing.LoginTesting -->
    </test> <!-- Test_1 -->
  </suite> <!-- Recruit CRM Tetsing -->
</testng-results>
