<?xml version="1.0" encoding="UTF-8"?>
<testng-results ignored="8" total="13" passed="5" failed="0" skipped="0">
  <reporter-output>
  </reporter-output>
  <suite started-at="2023-10-27T15:45:36 IST" name="Suite" finished-at="2023-10-27T15:47:06 IST" duration-ms="89812">
    <groups>
    </groups>
    <test started-at="2023-10-27T15:45:36 IST" name="Test" finished-at="2023-10-27T15:47:06 IST" duration-ms="89812">
      <class name="com.selenium.assignment.testing.AddCandidate">
        <test-method signature="addCandidate_Manual()[pri:1, instance:com.selenium.assignment.testing.AddCandidate@329dbdbf]" started-at="2023-10-27T15:45:36 IST" name="addCandidate_Manual" finished-at="2023-10-27T15:45:50 IST" duration-ms="13741" status="PASS">
          <reporter-output>
          </reporter-output>
        </test-method> <!-- addCandidate_Manual -->
        <test-method signature="addCandidateTest_Auto()[pri:2, instance:com.selenium.assignment.testing.AddCandidate@329dbdbf]" started-at="2023-10-27T15:45:50 IST" name="addCandidateTest_Auto" finished-at="2023-10-27T15:46:38 IST" duration-ms="48101" status="PASS">
          <reporter-output>
          </reporter-output>
        </test-method> <!-- addCandidateTest_Auto -->
      </class> <!-- com.selenium.assignment.testing.AddCandidate -->
      <class name="com.selenium.assignment.testing.AddContact">
        <test-method signature="addContact()[pri:4, instance:com.selenium.assignment.testing.AddContact@20d7d6fb]" started-at="2023-10-27T15:46:45 IST" name="addContact" finished-at="2023-10-27T15:46:55 IST" duration-ms="10063" status="PASS">
          <reporter-output>
          </reporter-output>
        </test-method> <!-- addContact -->
      </class> <!-- com.selenium.assignment.testing.AddContact -->
      <class name="com.selenium.assignment.testing.LoginAndLogout">
        <test-method is-config="true" signature="loginTest()[pri:0, instance:com.selenium.assignment.testing.LoginAndLogout@1b266842]" started-at="2023-10-27T15:45:30 IST" name="loginTest" finished-at="2023-10-27T15:45:36 IST" duration-ms="6461" status="PASS">
          <reporter-output>
          </reporter-output>
        </test-method> <!-- loginTest -->
        <test-method is-config="true" signature="logoutTest()[pri:0, instance:com.selenium.assignment.testing.LoginAndLogout@1b266842]" started-at="2023-10-27T15:47:06 IST" name="logoutTest" finished-at="2023-10-27T15:47:06 IST" duration-ms="212" status="PASS">
          <reporter-output>
          </reporter-output>
        </test-method> <!-- logoutTest -->
      </class> <!-- com.selenium.assignment.testing.LoginAndLogout -->
      <class name="com.selenium.assignment.testing.AddJob">
        <test-method signature="addJobTest()[pri:5, instance:com.selenium.assignment.testing.AddJob@4ef782af]" started-at="2023-10-27T15:46:55 IST" name="addJobTest" finished-at="2023-10-27T15:47:06 IST" duration-ms="10683" status="PASS">
          <reporter-output>
          </reporter-output>
        </test-method> <!-- addJobTest -->
      </class> <!-- com.selenium.assignment.testing.AddJob -->
      <class name="com.selenium.assignment.testing.AddCompany">
        <test-method signature="addCompanyTest()[pri:3, instance:com.selenium.assignment.testing.AddCompany@7354b8c5]" started-at="2023-10-27T15:46:38 IST" name="addCompanyTest" finished-at="2023-10-27T15:46:45 IST" duration-ms="7193" status="PASS">
          <reporter-output>
          </reporter-output>
        </test-method> <!-- addCompanyTest -->
      </class> <!-- com.selenium.assignment.testing.AddCompany -->
    </test> <!-- Test -->
  </suite> <!-- Suite -->
</testng-results>
