<?xml version="1.0" encoding="UTF-8"?>
<testng-results ignored="0" total="1" passed="1" failed="0" skipped="0">
  <reporter-output>
  </reporter-output>
  <suite started-at="2023-12-07T16:14:54 IST" name="Default suite" finished-at="2023-12-07T16:16:04 IST" duration-ms="70431">
    <groups>
    </groups>
    <test started-at="2023-12-07T16:14:54 IST" name="Default test" finished-at="2023-12-07T16:16:04 IST" duration-ms="70431">
      <class name="testCases.DeleteCandidateCustomFieldTestClass">
        <test-method signature="deleteCandidateCustomFieldTest()[pri:0, instance:testCases.DeleteCandidateCustomFieldTestClass@3899782c]" started-at="2023-12-07T16:14:54 IST" name="deleteCandidateCustomFieldTest" finished-at="2023-12-07T16:16:04 IST" duration-ms="69975" status="PASS">
          <reporter-output>
          </reporter-output>
        </test-method> <!-- deleteCandidateCustomFieldTest -->
        <test-method is-config="true" signature="flushReports()[pri:0, instance:testCases.DeleteCandidateCustomFieldTestClass@3899782c]" started-at="2023-12-07T16:16:04 IST" name="flushReports" finished-at="2023-12-07T16:16:04 IST" duration-ms="419" status="PASS">
          <reporter-output>
          </reporter-output>
        </test-method> <!-- flushReports -->
        <test-method is-config="true" signature="quitDriverSession()[pri:0, instance:testCases.DeleteCandidateCustomFieldTestClass@3899782c]" started-at="2023-12-07T16:16:04 IST" name="quitDriverSession" finished-at="2023-12-07T16:16:04 IST" duration-ms="94" status="PASS">
          <reporter-output>
          </reporter-output>
        </test-method> <!-- quitDriverSession -->
      </class> <!-- testCases.DeleteCandidateCustomFieldTestClass -->
    </test> <!-- Default test -->
  </suite> <!-- Default suite -->
</testng-results>
