<?xml version="1.0" encoding="UTF-8"?>
<testng-results ignored="0" total="5" passed="5" failed="0" skipped="0">
  <reporter-output>
  </reporter-output>
  <suite started-at="2023-10-24T21:17:39 IST" name="Recruit CRM Tetsing" finished-at="2023-10-24T21:18:36 IST" duration-ms="57298">
    <groups>
    </groups>
    <test started-at="2023-10-24T21:17:39 IST" name="TestAddCompany" finished-at="2023-10-24T21:18:07 IST" duration-ms="28400">
      <class name="com.recruitcrm.testing.AddCompanyTesting">
        <test-method is-config="true" signature="openBrowser()[pri:0, instance:com.recruitcrm.testing.AddCompanyTesting@506ae4d4]" started-at="2023-10-24T21:17:39 IST" name="openBrowser" finished-at="2023-10-24T21:17:41 IST" duration-ms="2731" status="PASS">
          <reporter-output>
          </reporter-output>
        </test-method> <!-- openBrowser -->
        <test-method signature="testLogin()[pri:0, instance:com.recruitcrm.testing.AddCompanyTesting@506ae4d4]" started-at="2023-10-24T21:17:41 IST" name="testLogin" finished-at="2023-10-24T21:17:44 IST" duration-ms="2385" status="PASS">
          <reporter-output>
          </reporter-output>
        </test-method> <!-- testLogin -->
        <test-method signature="addCompanyTest()[pri:3, instance:com.recruitcrm.testing.AddCompanyTesting@506ae4d4]" started-at="2023-10-24T21:17:44 IST" name="addCompanyTest" finished-at="2023-10-24T21:18:07 IST" duration-ms="23239" status="PASS">
          <reporter-output>
          </reporter-output>
        </test-method> <!-- addCompanyTest -->
      </class> <!-- com.recruitcrm.testing.AddCompanyTesting -->
    </test> <!-- TestAddCompany -->
    <test started-at="2023-10-24T21:17:39 IST" name="TestAddCandidate" finished-at="2023-10-24T21:18:36 IST" duration-ms="57298">
      <class name="com.recruitcrm.testing.AddCandidateTesting">
        <test-method is-config="true" signature="openBrowser()[pri:0, instance:com.recruitcrm.testing.AddCandidateTesting@52af26ee]" started-at="2023-10-24T21:17:39 IST" name="openBrowser" finished-at="2023-10-24T21:17:41 IST" duration-ms="2731" status="PASS">
          <reporter-output>
          </reporter-output>
        </test-method> <!-- openBrowser -->
        <test-method signature="testLogin()[pri:0, instance:com.recruitcrm.testing.AddCandidateTesting@52af26ee]" started-at="2023-10-24T21:17:41 IST" name="testLogin" finished-at="2023-10-24T21:17:44 IST" duration-ms="2499" status="PASS">
          <reporter-output>
          </reporter-output>
        </test-method> <!-- testLogin -->
        <test-method signature="addCandidateTest_1()[pri:1, instance:com.recruitcrm.testing.AddCandidateTesting@52af26ee]" started-at="2023-10-24T21:17:44 IST" name="addCandidateTest_1" finished-at="2023-10-24T21:18:09 IST" duration-ms="25097" status="PASS">
          <reporter-output>
          </reporter-output>
        </test-method> <!-- addCandidateTest_1 -->
        <test-method signature="addCandidateTest_2()[pri:2, instance:com.recruitcrm.testing.AddCandidateTesting@52af26ee]" started-at="2023-10-24T21:18:09 IST" name="addCandidateTest_2" finished-at="2023-10-24T21:18:36 IST" duration-ms="26935" status="PASS">
          <reporter-output>
          </reporter-output>
        </test-method> <!-- addCandidateTest_2 -->
      </class> <!-- com.recruitcrm.testing.AddCandidateTesting -->
    </test> <!-- TestAddCandidate -->
  </suite> <!-- Recruit CRM Tetsing -->
</testng-results>
