<?xml version="1.0" encoding="UTF-8"?>
<testng-results ignored="0" total="1" passed="1" failed="0" skipped="0">
  <reporter-output>
  </reporter-output>
  <suite started-at="2023-12-05T17:16:19 IST" name="Default suite" finished-at="2023-12-05T17:17:19 IST" duration-ms="60578">
    <groups>
    </groups>
    <test started-at="2023-12-05T17:16:19 IST" name="Default test" finished-at="2023-12-05T17:17:19 IST" duration-ms="60578">
      <class name="testCases.DeleteCandidateCustomFieldTestClass">
        <test-method signature="deleteCandidateCustomFieldTest()[pri:0, instance:testCases.DeleteCandidateCustomFieldTestClass@1603cd68]" started-at="2023-12-05T17:16:19 IST" name="deleteCandidateCustomFieldTest" finished-at="2023-12-05T17:17:19 IST" duration-ms="60124" status="PASS">
          <reporter-output>
          </reporter-output>
        </test-method> <!-- deleteCandidateCustomFieldTest -->
        <test-method is-config="true" signature="flushReports()[pri:0, instance:testCases.DeleteCandidateCustomFieldTestClass@1603cd68]" started-at="2023-12-05T17:17:19 IST" name="flushReports" finished-at="2023-12-05T17:17:19 IST" duration-ms="416" status="PASS">
          <reporter-output>
          </reporter-output>
        </test-method> <!-- flushReports -->
        <test-method is-config="true" signature="quitDriverSession()[pri:0, instance:testCases.DeleteCandidateCustomFieldTestClass@1603cd68]" started-at="2023-12-05T17:17:19 IST" name="quitDriverSession" finished-at="2023-12-05T17:17:19 IST" duration-ms="63" status="PASS">
          <reporter-output>
          </reporter-output>
        </test-method> <!-- quitDriverSession -->
      </class> <!-- testCases.DeleteCandidateCustomFieldTestClass -->
    </test> <!-- Default test -->
  </suite> <!-- Default suite -->
</testng-results>
