<?xml version="1.0" encoding="UTF-8"?>
<testng-results ignored="5" total="8" passed="3" failed="0" skipped="0">
  <reporter-output>
  </reporter-output>
  <suite started-at="2023-10-27T19:36:30 IST" name="Recruit CRM Tetsing" finished-at="2023-10-27T19:37:27 IST" duration-ms="56915">
    <groups>
    </groups>
    <test started-at="2023-10-27T19:36:30 IST" name="Test_1" finished-at="2023-10-27T19:37:27 IST" duration-ms="56915">
      <class name="com.recruitcrm.testing.Base">
        <test-method is-config="true" signature="openBrowser()[pri:0, instance:com.recruitcrm.testing.Base@bae7dc0]" started-at="2023-10-27T19:36:27 IST" name="openBrowser" finished-at="2023-10-27T19:36:30 IST" duration-ms="3339" status="PASS">
          <reporter-output>
          </reporter-output>
        </test-method> <!-- openBrowser -->
      </class> <!-- com.recruitcrm.testing.Base -->
      <class name="com.recruitcrm.testing.AddCandidateTesting">
        <test-method signature="addCandidateTest_1()[pri:1, instance:com.recruitcrm.testing.AddCandidateTesting@2805d709]" started-at="2023-10-27T19:36:33 IST" name="addCandidateTest_1" finished-at="2023-10-27T19:36:50 IST" duration-ms="16386" status="PASS">
          <reporter-output>
          </reporter-output>
        </test-method> <!-- addCandidateTest_1 -->
        <test-method signature="addCandidateTest_2()[pri:2, instance:com.recruitcrm.testing.AddCandidateTesting@2805d709]" started-at="2023-10-27T19:36:50 IST" name="addCandidateTest_2" finished-at="2023-10-27T19:37:16 IST" duration-ms="26613" status="PASS">
          <reporter-output>
          </reporter-output>
        </test-method> <!-- addCandidateTest_2 -->
      </class> <!-- com.recruitcrm.testing.AddCandidateTesting -->
      <class name="com.recruitcrm.testing.AddCompanyTesting">
        <test-method signature="addCompanyTest()[pri:3, instance:com.recruitcrm.testing.AddCompanyTesting@3ee37e5a]" started-at="2023-10-27T19:37:16 IST" name="addCompanyTest" finished-at="2023-10-27T19:37:27 IST" duration-ms="11049" status="PASS">
          <reporter-output>
          </reporter-output>
        </test-method> <!-- addCompanyTest -->
      </class> <!-- com.recruitcrm.testing.AddCompanyTesting -->
      <class name="com.recruitcrm.testing.LoginTesting">
        <test-method is-config="true" signature="testLogin()[pri:0, instance:com.recruitcrm.testing.LoginTesting@c88a337]" started-at="2023-10-27T19:36:30 IST" name="testLogin" finished-at="2023-10-27T19:36:33 IST" duration-ms="2848" status="PASS">
          <reporter-output>
          </reporter-output>
        </test-method> <!-- testLogin -->
      </class> <!-- com.recruitcrm.testing.LoginTesting -->
    </test> <!-- Test_1 -->
  </suite> <!-- Recruit CRM Tetsing -->
</testng-results>
