<?xml version="1.0" encoding="UTF-8"?>
<testng-results ignored="8" total="13" passed="5" failed="0" skipped="0">
  <reporter-output>
  </reporter-output>
  <suite started-at="2023-10-27T15:59:42 IST" name="Suite" finished-at="2023-10-27T16:01:16 IST" duration-ms="94330">
    <groups>
    </groups>
    <test started-at="2023-10-27T15:59:42 IST" name="Test" finished-at="2023-10-27T16:01:16 IST" duration-ms="94330">
      <class name="com.selenium.assignment.testing.AddCandidate">
        <test-method signature="addCandidateTest_Manual()[pri:1, instance:com.selenium.assignment.testing.AddCandidate@329dbdbf]" started-at="2023-10-27T15:59:42 IST" name="addCandidateTest_Manual" finished-at="2023-10-27T15:59:56 IST" duration-ms="14146" status="PASS">
          <reporter-output>
          </reporter-output>
        </test-method> <!-- addCandidateTest_Manual -->
        <test-method signature="addCandidateTest_Auto()[pri:2, instance:com.selenium.assignment.testing.AddCandidate@329dbdbf]" started-at="2023-10-27T15:59:56 IST" name="addCandidateTest_Auto" finished-at="2023-10-27T16:00:48 IST" duration-ms="51688" status="PASS">
          <reporter-output>
          </reporter-output>
        </test-method> <!-- addCandidateTest_Auto -->
      </class> <!-- com.selenium.assignment.testing.AddCandidate -->
      <class name="com.selenium.assignment.testing.AddContact">
        <test-method signature="addContactTest()[pri:4, instance:com.selenium.assignment.testing.AddContact@20d7d6fb]" started-at="2023-10-27T16:00:54 IST" name="addContactTest" finished-at="2023-10-27T16:01:05 IST" duration-ms="11162" status="PASS">
          <reporter-output>
          </reporter-output>
        </test-method> <!-- addContactTest -->
      </class> <!-- com.selenium.assignment.testing.AddContact -->
      <class name="com.selenium.assignment.testing.AddJob">
        <test-method signature="addJobTest()[pri:5, instance:com.selenium.assignment.testing.AddJob@4ef782af]" started-at="2023-10-27T16:01:05 IST" name="addJobTest" finished-at="2023-10-27T16:01:16 IST" duration-ms="10968" status="PASS">
          <reporter-output>
          </reporter-output>
        </test-method> <!-- addJobTest -->
      </class> <!-- com.selenium.assignment.testing.AddJob -->
      <class name="com.selenium.assignment.testing.LoginAndLogout">
        <test-method is-config="true" signature="loginTest()[pri:0, instance:com.selenium.assignment.testing.LoginAndLogout@1b266842]" started-at="2023-10-27T15:59:36 IST" name="loginTest" finished-at="2023-10-27T15:59:42 IST" duration-ms="6096" status="PASS">
          <reporter-output>
          </reporter-output>
        </test-method> <!-- loginTest -->
        <test-method is-config="true" signature="logoutTest()[pri:0, instance:com.selenium.assignment.testing.LoginAndLogout@1b266842]" started-at="2023-10-27T16:01:16 IST" name="logoutTest" finished-at="2023-10-27T16:01:16 IST" duration-ms="181" status="PASS">
          <reporter-output>
          </reporter-output>
        </test-method> <!-- logoutTest -->
      </class> <!-- com.selenium.assignment.testing.LoginAndLogout -->
      <class name="com.selenium.assignment.testing.AddCompany">
        <test-method signature="addCompanyTest()[pri:3, instance:com.selenium.assignment.testing.AddCompany@7354b8c5]" started-at="2023-10-27T16:00:48 IST" name="addCompanyTest" finished-at="2023-10-27T16:00:54 IST" duration-ms="6330" status="PASS">
          <reporter-output>
          </reporter-output>
        </test-method> <!-- addCompanyTest -->
      </class> <!-- com.selenium.assignment.testing.AddCompany -->
    </test> <!-- Test -->
  </suite> <!-- Suite -->
</testng-results>
