<?xml version="1.0" encoding="UTF-8"?>
<testng-results ignored="0" total="5" passed="5" failed="0" skipped="0">
  <reporter-output>
  </reporter-output>
  <suite started-at="2023-10-23T22:56:35 IST" name="Recruit CRM Tetsing" finished-at="2023-10-23T22:57:27 IST" duration-ms="51511">
    <groups>
    </groups>
    <test started-at="2023-10-23T22:56:35 IST" name="TestAddCompany" finished-at="2023-10-23T22:57:05 IST" duration-ms="29180">
      <class name="com.recruitcrm.testing.AddCompanyTesting">
        <test-method is-config="true" signature="openBrowser()[pri:0, instance:com.recruitcrm.testing.AddCompanyTesting@506ae4d4]" started-at="2023-10-23T22:56:35 IST" name="openBrowser" finished-at="2023-10-23T22:56:38 IST" duration-ms="2775" status="PASS">
          <reporter-output>
          </reporter-output>
        </test-method> <!-- openBrowser -->
        <test-method signature="testLogin()[pri:0, instance:com.recruitcrm.testing.AddCompanyTesting@506ae4d4]" started-at="2023-10-23T22:56:38 IST" name="testLogin" finished-at="2023-10-23T22:56:40 IST" duration-ms="2156" status="PASS">
          <reporter-output>
          </reporter-output>
        </test-method> <!-- testLogin -->
        <test-method signature="addCompanyTest()[pri:3, instance:com.recruitcrm.testing.AddCompanyTesting@506ae4d4]" started-at="2023-10-23T22:56:40 IST" name="addCompanyTest" finished-at="2023-10-23T22:57:05 IST" duration-ms="24209" status="PASS">
          <reporter-output>
          </reporter-output>
        </test-method> <!-- addCompanyTest -->
      </class> <!-- com.recruitcrm.testing.AddCompanyTesting -->
    </test> <!-- TestAddCompany -->
    <test started-at="2023-10-23T22:56:35 IST" name="TestAddCandidate" finished-at="2023-10-23T22:57:27 IST" duration-ms="51511">
      <class name="com.recruitcrm.testing.AddCandidateTesting">
        <test-method is-config="true" signature="openBrowser()[pri:0, instance:com.recruitcrm.testing.AddCandidateTesting@6fd83fc1]" started-at="2023-10-23T22:56:35 IST" name="openBrowser" finished-at="2023-10-23T22:56:38 IST" duration-ms="2773" status="PASS">
          <reporter-output>
          </reporter-output>
        </test-method> <!-- openBrowser -->
        <test-method signature="testLogin()[pri:0, instance:com.recruitcrm.testing.AddCandidateTesting@6fd83fc1]" started-at="2023-10-23T22:56:38 IST" name="testLogin" finished-at="2023-10-23T22:56:40 IST" duration-ms="2226" status="PASS">
          <reporter-output>
          </reporter-output>
        </test-method> <!-- testLogin -->
        <test-method signature="addCandidateTest_1()[pri:1, instance:com.recruitcrm.testing.AddCandidateTesting@6fd83fc1]" started-at="2023-10-23T22:56:40 IST" name="addCandidateTest_1" finished-at="2023-10-23T22:56:48 IST" duration-ms="7625" status="PASS">
          <reporter-output>
          </reporter-output>
        </test-method> <!-- addCandidateTest_1 -->
        <test-method signature="addCandidateTest_2()[pri:2, instance:com.recruitcrm.testing.AddCandidateTesting@6fd83fc1]" started-at="2023-10-23T22:56:48 IST" name="addCandidateTest_2" finished-at="2023-10-23T22:57:27 IST" duration-ms="38843" status="PASS">
          <reporter-output>
          </reporter-output>
        </test-method> <!-- addCandidateTest_2 -->
      </class> <!-- com.recruitcrm.testing.AddCandidateTesting -->
    </test> <!-- TestAddCandidate -->
  </suite> <!-- Recruit CRM Tetsing -->
</testng-results>
