<?xml version="1.0" encoding="UTF-8"?>
<!-- Generated by org.testng.reporters.JUnitXMLReporter -->
<testsuite ignored="0" hostname="LIMBO" failures="0" tests="4" name="Test" time="6.042" errors="0" timestamp="2023-12-07T14:06:19 IST">
  <testcase classname="userModel.createUser.CreateUserTestClass" name="createUserTest_1" time="3.046"/>
  <testcase classname="userModel.getUser.GetUserTestClass" name="getUserTest_1" time="1.066"/>
  <testcase classname="userModel.updateUser.UpdateUserTestClass" name="updateUserTest_1" time="0.783"/>
  <testcase classname="userModel.deleteUser.DeleteUserTestClass" name="deleteUserTestCase_1" time="1.112"/>
</testsuite> <!-- Test -->
