<?xml version="1.0" encoding="UTF-8"?>
<testsuite xmlns:xsi="http://www.w3.org/2001/XMLSchema-instance" xsi:noNamespaceSchemaLocation="https://maven.apache.org/surefire/maven-surefire-plugin/xsd/surefire-test-report-3.0.xsd" version="3.0" name="TestSuite" time="7.22" tests="4" errors="0" skipped="0" failures="0">
  <properties>
[...]
</properties>
  <testcase name="createUserTest_1" classname="userModel.createUser.CreateUserTestClass" time="3.107">
    <system-out><![CDATA[2023-12-18 10:56:17,654 INFO  - \\\\\\\\\\\\\\\\\\\\\\\\\\\\\\\\\\\\\\\\\\\\\\\\\\\\\\\\
2023-12-18 10:56:17,654 INFO  - -------------------------------------- START TEST CASE : Create User Test : 1--------------------------------------
2023-12-18 10:56:17,654 INFO  - ****************************************************************************************************************
2023-12-18 10:56:17,694 INFO  - Initiate : Creating Request Body...
2023-12-18 10:56:17,863 INFO  - name = Duncan Hahn
2023-12-18 10:56:17,869 INFO  - gender = Female
2023-12-18 10:56:17,902 INFO  - email = martha.ward@hotmail.com
2023-12-18 10:56:17,902 INFO  - status = active
2023-12-18 10:56:17,902 INFO  - Successfull : Created Request Body
2023-12-18 10:56:17,902 INFO  - Initiate : Converting Request Body to a String Sequence...
2023-12-18 10:56:17,958 INFO  - Successfull : Converted Request Body to a String Sequence
2023-12-18 10:56:17,958 INFO  - Initiate : Generating URI
2023-12-18 10:56:17,964 INFO  - Successfull : Generated URI = https://gorest.co.in/public/v2/users
2023-12-18 10:56:17,964 INFO  - Initiate : Adding Headers to the Request Body...
2023-12-18 10:56:18,473 INFO  - Adding Header : Content Type
2023-12-18 10:56:18,553 INFO  - Added Header
2023-12-18 10:56:18,553 INFO  - Adding Header : Bearer Token
2023-12-18 10:56:18,557 INFO  - Added Header
2023-12-18 10:56:18,557 INFO  - Successfull : Added Headers to the Request Body
2023-12-18 10:56:18,557 INFO  - Initiate : Sending the Request and Fetching the Response...
2023-12-18 10:56:20,652 INFO  - Successfull : Request Sended and Response Fetched
2023-12-18 10:56:20,693 INFO  - id : 5837575
2023-12-18 10:56:20,702 INFO  - name : Duncan Hahn
2023-12-18 10:56:20,702 INFO  - email : martha.ward@hotmail.com
2023-12-18 10:56:20,702 INFO  - gender : female
2023-12-18 10:56:20,702 INFO  - status : active
2023-12-18 10:56:20,702 INFO  - ****************************************************************************************************************
2023-12-18 10:56:20,702 INFO  - ---------------------------------------------- ++++END TEST CASE++++ ----------------------------------------------
2023-12-18 10:56:20,702 INFO  - ////////////////////////////////////////////////////////////////////////////////////////////////////////////////
]]></system-out>
    <system-err><![CDATA[SLF4J: Failed to load class "org.slf4j.impl.StaticLoggerBinder".
SLF4J: Defaulting to no-operation (NOP) logger implementation
SLF4J: See http://www.slf4j.org/codes.html#StaticLoggerBinder for further details.
]]></system-err>
  </testcase>
  <testcase name="getUserTest_1" classname="userModel.getUser.GetUserTestClass" time="0.736">
    <system-out><![CDATA[2023-12-18 10:56:20,708 INFO  - \\\\\\\\\\\\\\\\\\\\\\\\\\\\\\\\\\\\\\\\\\\\\\\\\\\\\\\\
2023-12-18 10:56:20,708 INFO  - -------------------------------------- START TEST CASE : 'Get User' Test Case - 1--------------------------------------
2023-12-18 10:56:20,708 INFO  - ****************************************************************************************************************
2023-12-18 10:56:20,708 INFO  - Initiate : Generating URI
2023-12-18 10:56:20,708 INFO  - Successfull : Generated URI = https://gorest.co.in/public/v2/users/5837575
2023-12-18 10:56:20,708 INFO  - Initiate : Adding Headers to the Request Body...
2023-12-18 10:56:20,709 INFO  - Adding Header : Content Type
2023-12-18 10:56:20,709 INFO  - Added Header
2023-12-18 10:56:20,709 INFO  - Adding Header : Bearer Token
2023-12-18 10:56:20,710 INFO  - Added Header
2023-12-18 10:56:20,710 INFO  - Successfull : Added Headers to the Request Body
2023-12-18 10:56:20,754 INFO  - Initiate : Sending the Request and Fetching the Response...
2023-12-18 10:56:21,440 INFO  - Successfull : Request Sended and Response Fetched
2023-12-18 10:56:21,441 INFO  - id : 5837575
2023-12-18 10:56:21,441 INFO  - name : Duncan Hahn
2023-12-18 10:56:21,441 INFO  - email : martha.ward@hotmail.com
2023-12-18 10:56:21,441 INFO  - gender : female
2023-12-18 10:56:21,442 INFO  - status : active
2023-12-18 10:56:21,442 INFO  - ****************************************************************************************************************
2023-12-18 10:56:21,442 INFO  - ---------------------------------------------- ++++END TEST CASE++++ ----------------------------------------------
2023-12-18 10:56:21,442 INFO  - ////////////////////////////////////////////////////////////////////////////////////////////////////////////////
]]></system-out>
  </testcase>
  <testcase name="updateUserTest_1" classname="userModel.updateUser.UpdateUserTestClass" time="1.074">
    <system-out><![CDATA[2023-12-18 10:56:21,444 INFO  - \\\\\\\\\\\\\\\\\\\\\\\\\\\\\\\\\\\\\\\\\\\\\\\\\\\\\\\\
2023-12-18 10:56:21,444 INFO  - -------------------------------------- START TEST CASE : 'Update User' Test Case - 1--------------------------------------
2023-12-18 10:56:21,444 INFO  - ****************************************************************************************************************
2023-12-18 10:56:21,445 INFO  - Initiate : Creating Request Body...
2023-12-18 10:56:21,476 INFO  - name = Monte Hickle
2023-12-18 10:56:21,478 INFO  - gender = Male
2023-12-18 10:56:21,485 INFO  - email = marla.bartell@gmail.com
2023-12-18 10:56:21,485 INFO  - status = active
2023-12-18 10:56:21,485 INFO  - Successfull : Created Request Body
2023-12-18 10:56:21,485 INFO  - Initiate : Converting Request Body to a String Sequence...
2023-12-18 10:56:21,487 INFO  - Successfull : Converted Request Body to a String Sequence
2023-12-18 10:56:21,487 INFO  - Initiate : Generating URI
2023-12-18 10:56:21,487 INFO  - Successfull : Generated URI = https://gorest.co.in/public/v2/users/5837575
2023-12-18 10:56:21,487 INFO  - Initiate : Adding Headers to the Request Body...
2023-12-18 10:56:21,488 INFO  - Adding Header : Content Type
2023-12-18 10:56:21,488 INFO  - Added Header
2023-12-18 10:56:21,488 INFO  - Adding Header : Bearer Token
2023-12-18 10:56:21,494 INFO  - Added Header
2023-12-18 10:56:21,494 INFO  - Successfull : Added Headers to the Request Body
2023-12-18 10:56:21,494 INFO  - Initiate : Sending the Request and Fetching the Response...
2023-12-18 10:56:22,514 INFO  - Successfull : Request Sended and Response Fetched
2023-12-18 10:56:22,516 INFO  - id : 5837575
2023-12-18 10:56:22,516 INFO  - name : Monte Hickle
2023-12-18 10:56:22,516 INFO  - email : marla.bartell@gmail.com
2023-12-18 10:56:22,516 INFO  - gender : male
2023-12-18 10:56:22,516 INFO  - status : active
2023-12-18 10:56:22,516 INFO  - ****************************************************************************************************************
2023-12-18 10:56:22,516 INFO  - ---------------------------------------------- ++++END TEST CASE++++ ----------------------------------------------
2023-12-18 10:56:22,516 INFO  - ////////////////////////////////////////////////////////////////////////////////////////////////////////////////
]]></system-out>
  </testcase>
  <testcase name="deleteUserTestCase_1[org.testng.TestRunner@6b9fc5c7](1)" classname="userModel.deleteUser.DeleteUserTestClass" time="1.033">
    <system-out><![CDATA[2023-12-18 10:56:22,519 INFO  - \\\\\\\\\\\\\\\\\\\\\\\\\\\\\\\\\\\\\\\\\\\\\\\\\\\\\\\\
2023-12-18 10:56:22,519 INFO  - -------------------------------------- START TEST CASE : Delete User Test Case : One--------------------------------------
2023-12-18 10:56:22,520 INFO  - ****************************************************************************************************************
2023-12-18 10:56:22,520 INFO  - Initiate : Generating URI
2023-12-18 10:56:22,520 INFO  - Successfull : Generated URI = https://gorest.co.in/public/v2/users/5837575
2023-12-18 10:56:22,520 INFO  - Initiate : Adding Headers to the Request Body...
2023-12-18 10:56:22,520 INFO  - Adding Header : Content Type
2023-12-18 10:56:22,520 INFO  - Added Header
2023-12-18 10:56:22,520 INFO  - Adding Header : Bearer Token
2023-12-18 10:56:22,520 INFO  - Added Header
2023-12-18 10:56:22,521 INFO  - Successfull : Added Headers to the Request Body
2023-12-18 10:56:22,521 INFO  - Initiate : Sending the Request and Fetching the Response...
2023-12-18 10:56:23,548 INFO  - Successfull : Request Sended and Response Fetched
2023-12-18 10:56:23,549 INFO  - ****************************************************************************************************************
2023-12-18 10:56:23,549 INFO  - ---------------------------------------------- ++++END TEST CASE++++ ----------------------------------------------
2023-12-18 10:56:23,549 INFO  - ////////////////////////////////////////////////////////////////////////////////////////////////////////////////
]]></system-out>
  </testcase>
</testsuite>