<?xml version="1.0" encoding="UTF-8"?>
<testng-results ignored="0" total="4" passed="4" failed="0" skipped="0">
  <reporter-output>
  </reporter-output>
  <suite started-at="2023-12-18T10:56:17 IST" name="Suite" finished-at="2023-12-18T10:56:23 IST" duration-ms="5991">
    <groups>
    </groups>
    <test started-at="2023-12-18T10:56:17 IST" name="Test" finished-at="2023-12-18T10:56:23 IST" duration-ms="5991">
      <class name="userModel.deleteUser.DeleteUserTestClass">
        <test-method signature="deleteUserTestCase_1(org.testng.ITestContext)[pri:3, instance:userModel.deleteUser.DeleteUserTestClass@1b11171f]" started-at="2023-12-18T10:56:22 IST" name="deleteUserTestCase_1" finished-at="2023-12-18T10:56:23 IST" duration-ms="1031" status="PASS">
          <params>
            <param index="0">
              <value>
                <![CDATA[org.testng.TestRunner@6b9fc5c7]]>
              </value>
            </param>
          </params>
          <reporter-output>
          </reporter-output>
        </test-method> <!-- deleteUserTestCase_1 -->
      </class> <!-- userModel.deleteUser.DeleteUserTestClass -->
      <class name="userModel.getUser.GetUserTestClass">
        <test-method signature="getUserTest_1()[pri:1, instance:userModel.getUser.GetUserTestClass@4b8ee4de]" started-at="2023-12-18T10:56:20 IST" name="getUserTest_1" finished-at="2023-12-18T10:56:21 IST" duration-ms="735" status="PASS">
          <reporter-output>
          </reporter-output>
        </test-method> <!-- getUserTest_1 -->
      </class> <!-- userModel.getUser.GetUserTestClass -->
      <class name="userModel.createUser.CreateUserTestClass">
        <test-method signature="createUserTest_1()[pri:0, instance:userModel.createUser.CreateUserTestClass@27462a88]" started-at="2023-12-18T10:56:17 IST" name="createUserTest_1" finished-at="2023-12-18T10:56:20 IST" duration-ms="3105" status="PASS">
          <reporter-output>
          </reporter-output>
        </test-method> <!-- createUserTest_1 -->
      </class> <!-- userModel.createUser.CreateUserTestClass -->
      <class name="userModel.updateUser.UpdateUserTestClass">
        <test-method signature="updateUserTest_1()[pri:2, instance:userModel.updateUser.UpdateUserTestClass@27f981c6]" started-at="2023-12-18T10:56:21 IST" name="updateUserTest_1" finished-at="2023-12-18T10:56:22 IST" duration-ms="1073" status="PASS">
          <reporter-output>
          </reporter-output>
        </test-method> <!-- updateUserTest_1 -->
      </class> <!-- userModel.updateUser.UpdateUserTestClass -->
    </test> <!-- Test -->
  </suite> <!-- Suite -->
</testng-results>
