<?xml version="1.0" encoding="UTF-8"?>
<testsuite xmlns:xsi="http://www.w3.org/2001/XMLSchema-instance" xsi:noNamespaceSchemaLocation="https://maven.apache.org/surefire/maven-surefire-plugin/xsd/surefire-test-report-3.0.xsd" version="3.0" name="TestSuite" time="8.089" tests="4" errors="0" skipped="0" failures="0">
  <properties>
[...]
</properties>
  <testcase name="createUserTest_1" classname="userModel.createUser.CreateUserTestClass" time="2.925">
    <system-out><![CDATA[2023-12-05 17:26:08,842 INFO  - \\\\\\\\\\\\\\\\\\\\\\\\\\\\\\\\\\\\\\\\\\\\\\\\\\\\\\\\
2023-12-05 17:26:08,843 INFO  - -------------------------------------- START TEST CASE : Create User Test : 1--------------------------------------
2023-12-05 17:26:08,843 INFO  - ****************************************************************************************************************
2023-12-05 17:26:08,881 INFO  - Initiate : Creating Request Body...
2023-12-05 17:26:09,027 INFO  - name = Dwana Welch V
2023-12-05 17:26:09,032 INFO  - gender = Male
2023-12-05 17:26:09,059 INFO  - email = irmgard.abbott@gmail.com
2023-12-05 17:26:09,059 INFO  - status = active
2023-12-05 17:26:09,059 INFO  - Successfull : Created Request Body
2023-12-05 17:26:09,059 INFO  - Initiate : Converting Request Body to a String Sequence...
2023-12-05 17:26:09,123 INFO  - Successfull : Converted Request Body to a String Sequence
2023-12-05 17:26:09,123 INFO  - Initiate : Generating URI
2023-12-05 17:26:09,131 INFO  - Successfull : Generated URI = https://gorest.co.in/public/v2/users
2023-12-05 17:26:09,131 INFO  - Initiate : Adding Headers to the Request Body...
2023-12-05 17:26:09,585 INFO  - Adding Header : Content Type
2023-12-05 17:26:09,661 INFO  - Added Header
2023-12-05 17:26:09,661 INFO  - Adding Header : Bearer Token
2023-12-05 17:26:09,665 INFO  - Added Header
2023-12-05 17:26:09,665 INFO  - Successfull : Added Headers to the Request Body
2023-12-05 17:26:09,665 INFO  - Initiate : Sending the Request and Fetching the Response...
2023-12-05 17:26:11,684 INFO  - Successfull : Request Sended and Response Fetched
2023-12-05 17:26:11,720 INFO  - id : 5813661
2023-12-05 17:26:11,730 INFO  - name : Dwana Welch V
2023-12-05 17:26:11,730 INFO  - email : irmgard.abbott@gmail.com
2023-12-05 17:26:11,731 INFO  - gender : male
2023-12-05 17:26:11,731 INFO  - status : active
2023-12-05 17:26:11,731 INFO  - ****************************************************************************************************************
2023-12-05 17:26:11,731 INFO  - ---------------------------------------------- ++++END TEST CASE++++ ----------------------------------------------
2023-12-05 17:26:11,731 INFO  - ////////////////////////////////////////////////////////////////////////////////////////////////////////////////
]]></system-out>
    <system-err><![CDATA[SLF4J: Failed to load class "org.slf4j.impl.StaticLoggerBinder".
SLF4J: Defaulting to no-operation (NOP) logger implementation
SLF4J: See http://www.slf4j.org/codes.html#StaticLoggerBinder for further details.
]]></system-err>
  </testcase>
  <testcase name="getUserTest_1" classname="userModel.getUser.GetUserTestClass" time="1.689">
    <system-out><![CDATA[2023-12-05 17:26:11,741 INFO  - \\\\\\\\\\\\\\\\\\\\\\\\\\\\\\\\\\\\\\\\\\\\\\\\\\\\\\\\
2023-12-05 17:26:11,741 INFO  - -------------------------------------- START TEST CASE : 'Get User' Test Case - 1--------------------------------------
2023-12-05 17:26:11,741 INFO  - ****************************************************************************************************************
2023-12-05 17:26:11,741 INFO  - Initiate : Generating URI
2023-12-05 17:26:11,741 INFO  - Successfull : Generated URI = https://gorest.co.in/public/v2/users/5809217
2023-12-05 17:26:11,741 INFO  - Initiate : Adding Headers to the Request Body...
2023-12-05 17:26:11,741 INFO  - Adding Header : Content Type
2023-12-05 17:26:11,742 INFO  - Added Header
2023-12-05 17:26:11,742 INFO  - Adding Header : Bearer Token
2023-12-05 17:26:11,742 INFO  - Added Header
2023-12-05 17:26:11,742 INFO  - Successfull : Added Headers to the Request Body
2023-12-05 17:26:11,742 INFO  - Initiate : Sending the Request and Fetching the Response...
2023-12-05 17:26:13,421 INFO  - Successfull : Request Sended and Response Fetched
2023-12-05 17:26:13,422 INFO  - id : 5809217
2023-12-05 17:26:13,422 INFO  - name : Sunday Windler
2023-12-05 17:26:13,422 INFO  - email : anh.shields@gmail.com
2023-12-05 17:26:13,422 INFO  - gender : male
2023-12-05 17:26:13,422 INFO  - status : inactive
2023-12-05 17:26:13,422 INFO  - ****************************************************************************************************************
2023-12-05 17:26:13,422 INFO  - ---------------------------------------------- ++++END TEST CASE++++ ----------------------------------------------
2023-12-05 17:26:13,422 INFO  - ////////////////////////////////////////////////////////////////////////////////////////////////////////////////
]]></system-out>
  </testcase>
  <testcase name="updateUserTest_1" classname="userModel.updateUser.UpdateUserTestClass" time="1.072">
    <system-out><![CDATA[2023-12-05 17:26:13,425 INFO  - \\\\\\\\\\\\\\\\\\\\\\\\\\\\\\\\\\\\\\\\\\\\\\\\\\\\\\\\
2023-12-05 17:26:13,425 INFO  - -------------------------------------- START TEST CASE : 'Update User' Test Case - 1--------------------------------------
2023-12-05 17:26:13,425 INFO  - ****************************************************************************************************************
2023-12-05 17:26:13,425 INFO  - Initiate : Creating Request Body...
2023-12-05 17:26:13,448 INFO  - name = Tyson Zulauf II
2023-12-05 17:26:13,450 INFO  - gender = Male
2023-12-05 17:26:13,456 INFO  - email = reinaldo.quigley@hotmail.com
2023-12-05 17:26:13,457 INFO  - status = inactive
2023-12-05 17:26:13,457 INFO  - Successfull : Created Request Body
2023-12-05 17:26:13,457 INFO  - Initiate : Converting Request Body to a String Sequence...
2023-12-05 17:26:13,458 INFO  - Successfull : Converted Request Body to a String Sequence
2023-12-05 17:26:13,458 INFO  - Initiate : Generating URI
2023-12-05 17:26:13,458 INFO  - Successfull : Generated URI = https://gorest.co.in/public/v2/users/5809217
2023-12-05 17:26:13,459 INFO  - Initiate : Adding Headers to the Request Body...
2023-12-05 17:26:13,459 INFO  - Adding Header : Content Type
2023-12-05 17:26:13,460 INFO  - Added Header
2023-12-05 17:26:13,460 INFO  - Adding Header : Bearer Token
2023-12-05 17:26:13,464 INFO  - Added Header
2023-12-05 17:26:13,464 INFO  - Successfull : Added Headers to the Request Body
2023-12-05 17:26:13,464 INFO  - Initiate : Sending the Request and Fetching the Response...
2023-12-05 17:26:14,493 INFO  - Successfull : Request Sended and Response Fetched
2023-12-05 17:26:14,494 INFO  - id : 5809217
2023-12-05 17:26:14,494 INFO  - name : Tyson Zulauf II
2023-12-05 17:26:14,494 INFO  - email : reinaldo.quigley@hotmail.com
2023-12-05 17:26:14,494 INFO  - gender : male
2023-12-05 17:26:14,494 INFO  - status : inactive
2023-12-05 17:26:14,495 INFO  - ****************************************************************************************************************
2023-12-05 17:26:14,495 INFO  - ---------------------------------------------- ++++END TEST CASE++++ ----------------------------------------------
2023-12-05 17:26:14,495 INFO  - ////////////////////////////////////////////////////////////////////////////////////////////////////////////////
]]></system-out>
  </testcase>
  <testcase name="deleteUserTestCase_1[org.testng.TestRunner@397f925e](1)" classname="userModel.deleteUser.DeleteUserTestClass" time="1.612">
    <system-out><![CDATA[2023-12-05 17:26:14,499 INFO  - \\\\\\\\\\\\\\\\\\\\\\\\\\\\\\\\\\\\\\\\\\\\\\\\\\\\\\\\
2023-12-05 17:26:14,499 INFO  - -------------------------------------- START TEST CASE : Delete User Test Case : One--------------------------------------
2023-12-05 17:26:14,499 INFO  - ****************************************************************************************************************
2023-12-05 17:26:14,499 INFO  - Initiate : Generating URI
2023-12-05 17:26:14,499 INFO  - Successfull : Generated URI = https://gorest.co.in/public/v2/users/5813661
2023-12-05 17:26:14,499 INFO  - Initiate : Adding Headers to the Request Body...
2023-12-05 17:26:14,500 INFO  - Adding Header : Content Type
2023-12-05 17:26:14,500 INFO  - Added Header
2023-12-05 17:26:14,500 INFO  - Adding Header : Bearer Token
2023-12-05 17:26:14,500 INFO  - Added Header
2023-12-05 17:26:14,501 INFO  - Successfull : Added Headers to the Request Body
2023-12-05 17:26:14,501 INFO  - Initiate : Sending the Request and Fetching the Response...
2023-12-05 17:26:16,107 INFO  - Successfull : Request Sended and Response Fetched
2023-12-05 17:26:16,107 INFO  - ****************************************************************************************************************
2023-12-05 17:26:16,107 INFO  - ---------------------------------------------- ++++END TEST CASE++++ ----------------------------------------------
2023-12-05 17:26:16,107 INFO  - ////////////////////////////////////////////////////////////////////////////////////////////////////////////////
]]></system-out>
  </testcase>
</testsuite>