<?xml version="1.0" encoding="UTF-8"?>
<testng-results ignored="0" total="4" passed="4" failed="0" skipped="0">
  <reporter-output>
  </reporter-output>
  <suite started-at="2023-12-29T23:02:55 IST" name="Suite : 1" finished-at="2023-12-29T23:03:05 IST" duration-ms="9736">
    <groups>
    </groups>
    <test started-at="2023-12-29T23:02:55 IST" name="Test : 1" finished-at="2023-12-29T23:03:05 IST" duration-ms="9736">
      <class name="tests.CreateUserTest">
        <test-method is-config="true" signature="startTest(java.lang.reflect.Method)[pri:0, instance:tests.CreateUserTest@5223e5ee]" started-at="2023-12-29T23:02:55 IST" name="startTest" finished-at="2023-12-29T23:02:56 IST" duration-ms="66" status="PASS">
          <params>
            <param index="0">
              <value>
                <![CDATA[public void tests.CreateUserTest.createUserTest_1()]]>
              </value>
            </param>
          </params>
          <reporter-output>
          </reporter-output>
        </test-method> <!-- startTest -->
        <test-method signature="createUserTest_1()[pri:0, instance:tests.CreateUserTest@5223e5ee]" started-at="2023-12-29T23:02:56 IST" name="createUserTest_1" finished-at="2023-12-29T23:02:59 IST" duration-ms="3525" status="PASS">
          <reporter-output>
          </reporter-output>
        </test-method> <!-- createUserTest_1 -->
        <test-method is-config="true" signature="endTest()[pri:0, instance:tests.CreateUserTest@5223e5ee]" started-at="2023-12-29T23:02:59 IST" name="endTest" finished-at="2023-12-29T23:02:59 IST" duration-ms="0" status="PASS">
          <reporter-output>
          </reporter-output>
        </test-method> <!-- endTest -->
      </class> <!-- tests.CreateUserTest -->
      <class name="tests.UpdateUserTest">
        <test-method is-config="true" signature="startTest(java.lang.reflect.Method)[pri:0, instance:tests.UpdateUserTest@6a400542]" started-at="2023-12-29T23:03:01 IST" name="startTest" finished-at="2023-12-29T23:03:01 IST" duration-ms="2" status="PASS">
          <params>
            <param index="0">
              <value>
                <![CDATA[public void tests.UpdateUserTest.updateUserTest_1()]]>
              </value>
            </param>
          </params>
          <reporter-output>
          </reporter-output>
        </test-method> <!-- startTest -->
        <test-method signature="updateUserTest_1()[pri:0, instance:tests.UpdateUserTest@6a400542]" started-at="2023-12-29T23:03:01 IST" name="updateUserTest_1" finished-at="2023-12-29T23:03:02 IST" duration-ms="1208" status="PASS">
          <reporter-output>
          </reporter-output>
        </test-method> <!-- updateUserTest_1 -->
        <test-method is-config="true" signature="endTest()[pri:0, instance:tests.UpdateUserTest@6a400542]" started-at="2023-12-29T23:03:02 IST" name="endTest" finished-at="2023-12-29T23:03:02 IST" duration-ms="1" status="PASS">
          <reporter-output>
          </reporter-output>
        </test-method> <!-- endTest -->
      </class> <!-- tests.UpdateUserTest -->
      <class name="tests.GetUserTest">
        <test-method is-config="true" signature="startTest(java.lang.reflect.Method)[pri:0, instance:tests.GetUserTest@654f0d9c]" started-at="2023-12-29T23:02:59 IST" name="startTest" finished-at="2023-12-29T23:02:59 IST" duration-ms="1" status="PASS">
          <params>
            <param index="0">
              <value>
                <![CDATA[public void tests.GetUserTest.getUserTest_1()]]>
              </value>
            </param>
          </params>
          <reporter-output>
          </reporter-output>
        </test-method> <!-- startTest -->
        <test-method signature="getUserTest_1()[pri:0, instance:tests.GetUserTest@654f0d9c]" started-at="2023-12-29T23:02:59 IST" name="getUserTest_1" finished-at="2023-12-29T23:03:01 IST" duration-ms="2195" status="PASS">
          <reporter-output>
          </reporter-output>
        </test-method> <!-- getUserTest_1 -->
        <test-method is-config="true" signature="endTest()[pri:0, instance:tests.GetUserTest@654f0d9c]" started-at="2023-12-29T23:03:01 IST" name="endTest" finished-at="2023-12-29T23:03:01 IST" duration-ms="1" status="PASS">
          <reporter-output>
          </reporter-output>
        </test-method> <!-- endTest -->
      </class> <!-- tests.GetUserTest -->
      <class name="tests.DeleteUserTest">
        <test-method is-config="true" signature="startTest(java.lang.reflect.Method)[pri:0, instance:tests.DeleteUserTest@6580cfdd]" started-at="2023-12-29T23:03:02 IST" name="startTest" finished-at="2023-12-29T23:03:02 IST" duration-ms="2" status="PASS">
          <params>
            <param index="0">
              <value>
                <![CDATA[public void tests.DeleteUserTest.deleteUserTest_1()]]>
              </value>
            </param>
          </params>
          <reporter-output>
          </reporter-output>
        </test-method> <!-- startTest -->
        <test-method signature="deleteUserTest_1()[pri:0, instance:tests.DeleteUserTest@6580cfdd]" started-at="2023-12-29T23:03:02 IST" name="deleteUserTest_1" finished-at="2023-12-29T23:03:05 IST" duration-ms="2686" status="PASS">
          <reporter-output>
          </reporter-output>
        </test-method> <!-- deleteUserTest_1 -->
        <test-method is-config="true" signature="endTest()[pri:0, instance:tests.DeleteUserTest@6580cfdd]" started-at="2023-12-29T23:03:05 IST" name="endTest" finished-at="2023-12-29T23:03:05 IST" duration-ms="0" status="PASS">
          <reporter-output>
          </reporter-output>
        </test-method> <!-- endTest -->
      </class> <!-- tests.DeleteUserTest -->
    </test> <!-- Test : 1 -->
  </suite> <!-- Suite : 1 -->
</testng-results>
