<?xml version="1.0" encoding="UTF-8"?>
<!-- Generated by org.testng.reporters.JUnitXMLReporter -->
<testsuite ignored="0" hostname="LIMBO" failures="0" tests="4" name="Test" time="7.606" errors="0" timestamp="2023-12-04T13:13:35 IST">
  <testcase classname="userModel.createUser.CreateUserTestClass" name="createUserTest_1" time="2.83"/>
  <testcase classname="userModel.getUser.GetUserTestClass" name="getUserTest_1" time="0.95"/>
  <testcase classname="userModel.updateUser.UpdateUserTestClass" name="updateUserTest_1" time="0.79"/>
  <testcase classname="userModel.deleteUser.DeleteUserTestClass" name="deleteUserTestCase_1" time="2.986"/>
</testsuite> <!-- Test -->
